nohup: ignoring input
/home/data/t200404/software/anaconda3/envs/python3_11_gpu/lib/python3.11/site-packages/transformers/utils/generic.py:260: UserWarning: torch.utils._pytree._register_pytree_node is deprecated. Please use torch.utils._pytree.register_pytree_node instead.
  torch.utils._pytree._register_pytree_node(
11/06/2024 07:46:49 - WARNING - __main__ -   Process rank: 0, device: cuda:0, n_gpu: 1, distributed training: True, 16-bits training: False
11/06/2024 07:46:49 - INFO - __main__ -   Training/evaluation parameters TrainingArguments(
_n_gpu=1,
adafactor=False,
adam_beta1=0.9,
adam_beta2=0.999,
adam_epsilon=1e-08,
auto_find_batch_size=False,
bf16=False,
bf16_full_eval=False,
data_seed=None,
dataloader_drop_last=False,
dataloader_num_workers=0,
dataloader_pin_memory=True,
ddp_backend=None,
ddp_broadcast_buffers=None,
ddp_bucket_cap_mb=None,
ddp_find_unused_parameters=None,
ddp_timeout=1800,
debug=[],
deepspeed=None,
disable_tqdm=False,
dispatch_batches=None,
do_eval=True,
do_predict=True,
do_train=True,
eval_accumulation_steps=None,
eval_delay=0,
eval_steps=None,
evaluation_strategy=IntervalStrategy.NO,
fp16=False,
fp16_backend=auto,
fp16_full_eval=False,
fp16_opt_level=O1,
fsdp=[],
fsdp_config={'min_num_params': 0, 'xla': False, 'xla_fsdp_grad_ckpt': False},
fsdp_min_num_params=0,
fsdp_transformer_layer_cls_to_wrap=None,
full_determinism=False,
gradient_accumulation_steps=1,
gradient_checkpointing=False,
greater_is_better=None,
group_by_length=False,
half_precision_backend=auto,
hub_always_push=False,
hub_model_id=None,
hub_private_repo=False,
hub_strategy=HubStrategy.EVERY_SAVE,
hub_token=<HUB_TOKEN>,
ignore_data_skip=False,
include_inputs_for_metrics=False,
jit_mode_eval=False,
label_names=None,
label_smoothing_factor=0.0,
learning_rate=5e-05,
length_column_name=length,
load_best_model_at_end=False,
local_rank=0,
log_level=passive,
log_level_replica=warning,
log_on_each_node=True,
logging_dir=/home/data/t200404/bioinfo/P_subject/NLP/biobert/biobertModelWarehouse/model_from_trained/NER_add_words/9.LipidCorpus_Normalized.Name_BIO_2/runs/Nov06_07-46-49_starvk10-server,
logging_first_step=False,
logging_nan_inf_filter=True,
logging_steps=500,
logging_strategy=IntervalStrategy.STEPS,
lr_scheduler_type=SchedulerType.LINEAR,
max_grad_norm=1.0,
max_steps=-1,
metric_for_best_model=None,
mp_parameters=,
no_cuda=False,
num_train_epochs=30.0,
optim=OptimizerNames.ADAMW_TORCH,
optim_args=None,
output_dir=/home/data/t200404/bioinfo/P_subject/NLP/biobert/biobertModelWarehouse/model_from_trained/NER_add_words/9.LipidCorpus_Normalized.Name_BIO_2,
overwrite_output_dir=False,
past_index=-1,
per_device_eval_batch_size=8,
per_device_train_batch_size=32,
prediction_loss_only=False,
push_to_hub=False,
push_to_hub_model_id=None,
push_to_hub_organization=None,
push_to_hub_token=<PUSH_TO_HUB_TOKEN>,
ray_scope=last,
remove_unused_columns=True,
report_to=['tensorboard'],
resume_from_checkpoint=None,
run_name=/home/data/t200404/bioinfo/P_subject/NLP/biobert/biobertModelWarehouse/model_from_trained/NER_add_words/9.LipidCorpus_Normalized.Name_BIO_2,
save_on_each_node=False,
save_safetensors=False,
save_steps=1000,
save_strategy=IntervalStrategy.STEPS,
save_total_limit=None,
seed=1,
sharded_ddp=[],
skip_memory_metrics=True,
tf32=None,
torch_compile=False,
torch_compile_backend=None,
torch_compile_mode=None,
torchdynamo=None,
tpu_metrics_debug=False,
tpu_num_cores=None,
use_cpu=False,
use_ipex=False,
use_legacy_prediction_loop=False,
use_mps_device=False,
warmup_ratio=0.0,
warmup_steps=0,
weight_decay=0.0,
)
/home/data/t200404/software/anaconda3/envs/python3_11_gpu/lib/python3.11/site-packages/transformers/utils/generic.py:260: UserWarning: torch.utils._pytree._register_pytree_node is deprecated. Please use torch.utils._pytree.register_pytree_node instead.
  torch.utils._pytree._register_pytree_node(
11/06/2024 07:46:52 - INFO - utils_ner -   Creating features from dataset file at /home/data/t200404/bioinfo/P_subject/NLP/biobert/datasets/for_train/datasets_from_download/NER/lipid/2_LipidCorpus_Normalized.Name_BIO_2
11/06/2024 07:46:52 - INFO - utils_ner -   Writing example 0 of 1214
11/06/2024 07:46:52 - INFO - utils_ner -   *** Example ***
11/06/2024 07:46:52 - INFO - utils_ner -   guid: train_dev-1
11/06/2024 07:46:52 - INFO - utils_ner -   tokens: [CLS] and cer 24 : 0 ; o ##2 and their de ##uter ##ated internal standards were extracted by protein pre ##ci pi ta ##tion and ch ##roma ##to ##graphical ##ly se pa rated by hp ##l ##c . [SEP]
11/06/2024 07:46:52 - INFO - utils_ner -   input_ids: 101 1105 29028 1572 131 121 132 184 1477 1105 1147 1260 18614 2913 4422 4473 1127 16939 1118 4592 3073 6617 29180 27629 2116 1105 22572 18885 2430 25582 1193 14516 29143 6317 1118 6857 1233 1665 119 102 0 0 0 0 0 0 0 0 0 0 0 0 0 0 0 0 0 0 0 0 0 0 0 0 0 0 0 0 0 0 0 0 0 0 0 0 0 0 0 0 0 0 0 0 0 0 0 0 0 0 0 0 0 0 0 0 0 0 0 0 0 0 0 0 0 0 0 0 0 0 0 0 0 0 0 0 0 0 0 0 0 0 0 0 0 0 0 0 0 0 0 0 0 0 0 0 0 0 0 0 0 0 0 0 0 0 0 0 0 0 0 0 0 0 0 0 0 0 0 0 0 0 0 0 0 0 0 0 0 0 0 0 0 0 0 0 0 0 0 0 0 0 0 0 0 0 0 0 0 0 0 0 0 0 0 0 0 0 0 0 0 0 0 0 0 0 0 0 0 0 0 0 0 0 0 0 0 0 0 0 0 0 0 0 0 0 0 0 0 0 0 0 0 0 0 0 0 0 0 0 0 0 0 0 0 0 0 0 0 0 0 0 0 0 0 0 0 0 0 0 0 0 0 0 0 0 0 0 0 0 0 0 0 0 0 0 0 0 0 0 0 0 0 0 0 0 0 0 0 0 0 0 0 0 0 0 0 0 0 0 0 0 0 0 0 0 0 0 0 0 0 0 0 0 0 0 0 0 0 0 0 0 0 0 0 0 0 0 0 0 0 0 0 0 0 0 0 0 0 0 0 0 0 0 0 0 0 0 0 0 0 0 0 0 0 0 0 0 0 0 0 0 0 0 0 0 0 0 0 0 0 0 0 0 0 0 0 0 0 0 0 0 0 0
11/06/2024 07:46:52 - INFO - utils_ner -   input_mask: 1 1 1 1 1 1 1 1 1 1 1 1 1 1 1 1 1 1 1 1 1 1 1 1 1 1 1 1 1 1 1 1 1 1 1 1 1 1 1 1 0 0 0 0 0 0 0 0 0 0 0 0 0 0 0 0 0 0 0 0 0 0 0 0 0 0 0 0 0 0 0 0 0 0 0 0 0 0 0 0 0 0 0 0 0 0 0 0 0 0 0 0 0 0 0 0 0 0 0 0 0 0 0 0 0 0 0 0 0 0 0 0 0 0 0 0 0 0 0 0 0 0 0 0 0 0 0 0 0 0 0 0 0 0 0 0 0 0 0 0 0 0 0 0 0 0 0 0 0 0 0 0 0 0 0 0 0 0 0 0 0 0 0 0 0 0 0 0 0 0 0 0 0 0 0 0 0 0 0 0 0 0 0 0 0 0 0 0 0 0 0 0 0 0 0 0 0 0 0 0 0 0 0 0 0 0 0 0 0 0 0 0 0 0 0 0 0 0 0 0 0 0 0 0 0 0 0 0 0 0 0 0 0 0 0 0 0 0 0 0 0 0 0 0 0 0 0 0 0 0 0 0 0 0 0 0 0 0 0 0 0 0 0 0 0 0 0 0 0 0 0 0 0 0 0 0 0 0 0 0 0 0 0 0 0 0 0 0 0 0 0 0 0 0 0 0 0 0 0 0 0 0 0 0 0 0 0 0 0 0 0 0 0 0 0 0 0 0 0 0 0 0 0 0 0 0 0 0 0 0 0 0 0 0 0 0 0 0 0 0 0 0 0 0 0 0 0 0 0 0 0 0 0 0 0 0 0 0 0 0 0 0 0 0 0 0 0 0 0 0 0 0 0 0 0 0 0 0 0 0 0 0 0 0
11/06/2024 07:46:52 - INFO - utils_ner -   segment_ids: 0 0 0 0 0 0 0 0 0 0 0 0 0 0 0 0 0 0 0 0 0 0 0 0 0 0 0 0 0 0 0 0 0 0 0 0 0 0 0 0 0 0 0 0 0 0 0 0 0 0 0 0 0 0 0 0 0 0 0 0 0 0 0 0 0 0 0 0 0 0 0 0 0 0 0 0 0 0 0 0 0 0 0 0 0 0 0 0 0 0 0 0 0 0 0 0 0 0 0 0 0 0 0 0 0 0 0 0 0 0 0 0 0 0 0 0 0 0 0 0 0 0 0 0 0 0 0 0 0 0 0 0 0 0 0 0 0 0 0 0 0 0 0 0 0 0 0 0 0 0 0 0 0 0 0 0 0 0 0 0 0 0 0 0 0 0 0 0 0 0 0 0 0 0 0 0 0 0 0 0 0 0 0 0 0 0 0 0 0 0 0 0 0 0 0 0 0 0 0 0 0 0 0 0 0 0 0 0 0 0 0 0 0 0 0 0 0 0 0 0 0 0 0 0 0 0 0 0 0 0 0 0 0 0 0 0 0 0 0 0 0 0 0 0 0 0 0 0 0 0 0 0 0 0 0 0 0 0 0 0 0 0 0 0 0 0 0 0 0 0 0 0 0 0 0 0 0 0 0 0 0 0 0 0 0 0 0 0 0 0 0 0 0 0 0 0 0 0 0 0 0 0 0 0 0 0 0 0 0 0 0 0 0 0 0 0 0 0 0 0 0 0 0 0 0 0 0 0 0 0 0 0 0 0 0 0 0 0 0 0 0 0 0 0 0 0 0 0 0 0 0 0 0 0 0 0 0 0 0 0 0 0 0 0 0 0 0 0 0 0 0 0 0 0 0 0 0 0 0 0 0 0 0 0
11/06/2024 07:46:52 - INFO - utils_ner -   label_ids: -100 4 2 3 -100 -100 -100 -100 -100 4 4 4 -100 -100 4 4 4 4 4 4 4 -100 -100 -100 -100 4 4 -100 -100 -100 -100 4 -100 -100 4 4 -100 -100 -100 -100 -100 -100 -100 -100 -100 -100 -100 -100 -100 -100 -100 -100 -100 -100 -100 -100 -100 -100 -100 -100 -100 -100 -100 -100 -100 -100 -100 -100 -100 -100 -100 -100 -100 -100 -100 -100 -100 -100 -100 -100 -100 -100 -100 -100 -100 -100 -100 -100 -100 -100 -100 -100 -100 -100 -100 -100 -100 -100 -100 -100 -100 -100 -100 -100 -100 -100 -100 -100 -100 -100 -100 -100 -100 -100 -100 -100 -100 -100 -100 -100 -100 -100 -100 -100 -100 -100 -100 -100 -100 -100 -100 -100 -100 -100 -100 -100 -100 -100 -100 -100 -100 -100 -100 -100 -100 -100 -100 -100 -100 -100 -100 -100 -100 -100 -100 -100 -100 -100 -100 -100 -100 -100 -100 -100 -100 -100 -100 -100 -100 -100 -100 -100 -100 -100 -100 -100 -100 -100 -100 -100 -100 -100 -100 -100 -100 -100 -100 -100 -100 -100 -100 -100 -100 -100 -100 -100 -100 -100 -100 -100 -100 -100 -100 -100 -100 -100 -100 -100 -100 -100 -100 -100 -100 -100 -100 -100 -100 -100 -100 -100 -100 -100 -100 -100 -100 -100 -100 -100 -100 -100 -100 -100 -100 -100 -100 -100 -100 -100 -100 -100 -100 -100 -100 -100 -100 -100 -100 -100 -100 -100 -100 -100 -100 -100 -100 -100 -100 -100 -100 -100 -100 -100 -100 -100 -100 -100 -100 -100 -100 -100 -100 -100 -100 -100 -100 -100 -100 -100 -100 -100 -100 -100 -100 -100 -100 -100 -100 -100 -100 -100 -100 -100 -100 -100 -100 -100 -100 -100 -100 -100 -100 -100 -100 -100 -100 -100 -100 -100 -100 -100 -100 -100 -100 -100 -100 -100 -100 -100 -100 -100 -100 -100 -100 -100 -100 -100 -100 -100 -100 -100 -100 -100 -100 -100 -100 -100 -100 -100 -100 -100 -100 -100 -100 -100 -100 -100 -100 -100 -100 -100 -100 -100 -100 -100 -100 -100 -100 -100 -100 -100 -100 -100 -100 -100 -100 -100 -100 -100 -100 -100 -100 -100 -100 -100 -100 -100 -100 -100 -100 -100 -100 -100 -100 -100
11/06/2024 07:46:52 - INFO - utils_ner -   *** Example ***
11/06/2024 07:46:52 - INFO - utils_ner -   guid: train_dev-2
11/06/2024 07:46:52 - INFO - utils_ner -   tokens: [CLS] briefly , each 100 - m ##l serum sample was mixed with 350 μ ##l of met ##han ##ol , and 50 μ ##l of fa 17 : 0 ( dissolved in met ##han ##ol at a con ce n ##tration of 1 mg m ##l _ − ##1 ) was added as an internal standard . [SEP]
11/06/2024 07:46:52 - INFO - utils_ner -   input_ids: 101 4016 117 1296 1620 118 182 1233 23651 6876 1108 3216 1114 8301 429 1233 1104 1899 3822 4063 117 1105 1851 429 1233 1104 29077 1542 131 121 113 7944 1107 1899 3822 4063 1120 170 14255 29027 183 18794 1104 122 17713 182 1233 168 851 1475 114 1108 1896 1112 1126 4422 2530 119 102 0 0 0 0 0 0 0 0 0 0 0 0 0 0 0 0 0 0 0 0 0 0 0 0 0 0 0 0 0 0 0 0 0 0 0 0 0 0 0 0 0 0 0 0 0 0 0 0 0 0 0 0 0 0 0 0 0 0 0 0 0 0 0 0 0 0 0 0 0 0 0 0 0 0 0 0 0 0 0 0 0 0 0 0 0 0 0 0 0 0 0 0 0 0 0 0 0 0 0 0 0 0 0 0 0 0 0 0 0 0 0 0 0 0 0 0 0 0 0 0 0 0 0 0 0 0 0 0 0 0 0 0 0 0 0 0 0 0 0 0 0 0 0 0 0 0 0 0 0 0 0 0 0 0 0 0 0 0 0 0 0 0 0 0 0 0 0 0 0 0 0 0 0 0 0 0 0 0 0 0 0 0 0 0 0 0 0 0 0 0 0 0 0 0 0 0 0 0 0 0 0 0 0 0 0 0 0 0 0 0 0 0 0 0 0 0 0 0 0 0 0 0 0 0 0 0 0 0 0 0 0 0 0 0 0 0 0 0 0 0 0 0 0 0 0 0 0 0 0 0 0 0 0 0 0 0 0 0 0 0 0 0 0 0 0 0 0 0 0 0 0 0 0 0 0 0 0 0 0 0 0 0 0 0 0 0 0 0 0 0 0 0 0 0 0 0 0 0 0 0 0 0 0 0 0 0 0 0 0 0 0 0 0 0 0 0 0 0 0 0 0 0 0 0 0
11/06/2024 07:46:52 - INFO - utils_ner -   input_mask: 1 1 1 1 1 1 1 1 1 1 1 1 1 1 1 1 1 1 1 1 1 1 1 1 1 1 1 1 1 1 1 1 1 1 1 1 1 1 1 1 1 1 1 1 1 1 1 1 1 1 1 1 1 1 1 1 1 1 1 0 0 0 0 0 0 0 0 0 0 0 0 0 0 0 0 0 0 0 0 0 0 0 0 0 0 0 0 0 0 0 0 0 0 0 0 0 0 0 0 0 0 0 0 0 0 0 0 0 0 0 0 0 0 0 0 0 0 0 0 0 0 0 0 0 0 0 0 0 0 0 0 0 0 0 0 0 0 0 0 0 0 0 0 0 0 0 0 0 0 0 0 0 0 0 0 0 0 0 0 0 0 0 0 0 0 0 0 0 0 0 0 0 0 0 0 0 0 0 0 0 0 0 0 0 0 0 0 0 0 0 0 0 0 0 0 0 0 0 0 0 0 0 0 0 0 0 0 0 0 0 0 0 0 0 0 0 0 0 0 0 0 0 0 0 0 0 0 0 0 0 0 0 0 0 0 0 0 0 0 0 0 0 0 0 0 0 0 0 0 0 0 0 0 0 0 0 0 0 0 0 0 0 0 0 0 0 0 0 0 0 0 0 0 0 0 0 0 0 0 0 0 0 0 0 0 0 0 0 0 0 0 0 0 0 0 0 0 0 0 0 0 0 0 0 0 0 0 0 0 0 0 0 0 0 0 0 0 0 0 0 0 0 0 0 0 0 0 0 0 0 0 0 0 0 0 0 0 0 0 0 0 0 0 0 0 0 0 0 0 0 0 0 0 0 0 0 0 0 0 0 0 0 0 0 0 0 0 0 0 0 0 0 0 0 0 0 0 0 0 0 0 0 0 0
11/06/2024 07:46:52 - INFO - utils_ner -   segment_ids: 0 0 0 0 0 0 0 0 0 0 0 0 0 0 0 0 0 0 0 0 0 0 0 0 0 0 0 0 0 0 0 0 0 0 0 0 0 0 0 0 0 0 0 0 0 0 0 0 0 0 0 0 0 0 0 0 0 0 0 0 0 0 0 0 0 0 0 0 0 0 0 0 0 0 0 0 0 0 0 0 0 0 0 0 0 0 0 0 0 0 0 0 0 0 0 0 0 0 0 0 0 0 0 0 0 0 0 0 0 0 0 0 0 0 0 0 0 0 0 0 0 0 0 0 0 0 0 0 0 0 0 0 0 0 0 0 0 0 0 0 0 0 0 0 0 0 0 0 0 0 0 0 0 0 0 0 0 0 0 0 0 0 0 0 0 0 0 0 0 0 0 0 0 0 0 0 0 0 0 0 0 0 0 0 0 0 0 0 0 0 0 0 0 0 0 0 0 0 0 0 0 0 0 0 0 0 0 0 0 0 0 0 0 0 0 0 0 0 0 0 0 0 0 0 0 0 0 0 0 0 0 0 0 0 0 0 0 0 0 0 0 0 0 0 0 0 0 0 0 0 0 0 0 0 0 0 0 0 0 0 0 0 0 0 0 0 0 0 0 0 0 0 0 0 0 0 0 0 0 0 0 0 0 0 0 0 0 0 0 0 0 0 0 0 0 0 0 0 0 0 0 0 0 0 0 0 0 0 0 0 0 0 0 0 0 0 0 0 0 0 0 0 0 0 0 0 0 0 0 0 0 0 0 0 0 0 0 0 0 0 0 0 0 0 0 0 0 0 0 0 0 0 0 0 0 0 0 0 0 0 0 0 0 0 0 0 0 0 0 0 0 0 0 0 0 0 0 0 0 0 0 0 0 0
11/06/2024 07:46:52 - INFO - utils_ner -   label_ids: -100 4 -100 4 4 -100 -100 -100 4 4 4 4 4 4 -100 -100 4 4 -100 -100 -100 4 4 -100 -100 4 2 3 -100 -100 4 -100 4 4 -100 -100 4 4 4 -100 -100 -100 4 4 -100 4 -100 -100 -100 -100 4 4 4 4 4 4 4 -100 -100 -100 -100 -100 -100 -100 -100 -100 -100 -100 -100 -100 -100 -100 -100 -100 -100 -100 -100 -100 -100 -100 -100 -100 -100 -100 -100 -100 -100 -100 -100 -100 -100 -100 -100 -100 -100 -100 -100 -100 -100 -100 -100 -100 -100 -100 -100 -100 -100 -100 -100 -100 -100 -100 -100 -100 -100 -100 -100 -100 -100 -100 -100 -100 -100 -100 -100 -100 -100 -100 -100 -100 -100 -100 -100 -100 -100 -100 -100 -100 -100 -100 -100 -100 -100 -100 -100 -100 -100 -100 -100 -100 -100 -100 -100 -100 -100 -100 -100 -100 -100 -100 -100 -100 -100 -100 -100 -100 -100 -100 -100 -100 -100 -100 -100 -100 -100 -100 -100 -100 -100 -100 -100 -100 -100 -100 -100 -100 -100 -100 -100 -100 -100 -100 -100 -100 -100 -100 -100 -100 -100 -100 -100 -100 -100 -100 -100 -100 -100 -100 -100 -100 -100 -100 -100 -100 -100 -100 -100 -100 -100 -100 -100 -100 -100 -100 -100 -100 -100 -100 -100 -100 -100 -100 -100 -100 -100 -100 -100 -100 -100 -100 -100 -100 -100 -100 -100 -100 -100 -100 -100 -100 -100 -100 -100 -100 -100 -100 -100 -100 -100 -100 -100 -100 -100 -100 -100 -100 -100 -100 -100 -100 -100 -100 -100 -100 -100 -100 -100 -100 -100 -100 -100 -100 -100 -100 -100 -100 -100 -100 -100 -100 -100 -100 -100 -100 -100 -100 -100 -100 -100 -100 -100 -100 -100 -100 -100 -100 -100 -100 -100 -100 -100 -100 -100 -100 -100 -100 -100 -100 -100 -100 -100 -100 -100 -100 -100 -100 -100 -100 -100 -100 -100 -100 -100 -100 -100 -100 -100 -100 -100 -100 -100 -100 -100 -100 -100 -100 -100 -100 -100 -100 -100 -100 -100 -100 -100 -100 -100 -100 -100 -100 -100 -100 -100 -100 -100 -100 -100 -100 -100 -100 -100 -100 -100 -100 -100 -100 -100 -100 -100 -100 -100 -100 -100 -100
11/06/2024 07:46:52 - INFO - utils_ner -   *** Example ***
11/06/2024 07:46:52 - INFO - utils_ner -   guid: train_dev-3
11/06/2024 07:46:52 - INFO - utils_ner -   tokens: [CLS] in the active m ##s group the intermediate , a ##a - derived molecule fa 20 : 4 ; 15 ##oh ( 15 - he ##te ) reached significantly higher levels ( 4 . 4 pg / m ##l ± ##0 . 8 [ mean ± se ##m ] vs . 2 . 2 pg / m ##l ± ##0 . 63 , p < 0 . 05 ) , and this was also the case with the p ##le ##iot ##ro pi c inflammatory media ##tor pg e _ 2 ( 1 . 27 pg / m ##l ± ##0 . 27 vs . 0 . 65 pg / m ##l ± ##0 . 12 , p < 0 . 01 ) , th ##rom ##box ##ane ##s , le ##uk ##ot ##rien ##es and pro ##sta ##g ##land ##in d ##2 remained unchanged . [SEP]
11/06/2024 07:46:52 - INFO - utils_ner -   input_ids: 101 1107 1103 2327 182 1116 1372 1103 9533 117 170 1161 118 4408 14730 29077 1406 131 125 132 1405 10559 113 1405 118 1119 1566 114 1680 5409 2299 3001 113 125 119 125 29147 120 182 1233 212 1568 119 129 164 1928 212 14516 1306 166 5016 119 123 119 123 29147 120 182 1233 212 1568 119 5519 117 185 133 121 119 4991 114 117 1105 1142 1108 1145 1103 1692 1114 1103 185 1513 26423 2180 29180 172 22653 2394 2772 29147 174 168 123 113 122 119 1765 29147 120 182 1233 212 1568 119 1765 5016 119 121 119 2625 29147 120 182 1233 212 1568 119 1367 117 185 133 121 119 5187 114 117 24438 16071 8757 6354 1116 117 5837 7563 3329 22500 1279 1105 5250 8419 1403 1931 1394 173 1477 1915 16684 119 102 0 0 0 0 0 0 0 0 0 0 0 0 0 0 0 0 0 0 0 0 0 0 0 0 0 0 0 0 0 0 0 0 0 0 0 0 0 0 0 0 0 0 0 0 0 0 0 0 0 0 0 0 0 0 0 0 0 0 0 0 0 0 0 0 0 0 0 0 0 0 0 0 0 0 0 0 0 0 0 0 0 0 0 0 0 0 0 0 0 0 0 0 0 0 0 0 0 0 0 0 0 0 0 0 0 0 0 0 0 0 0 0 0 0 0 0 0 0 0 0 0 0 0 0 0 0 0 0 0 0 0 0 0 0 0 0 0 0 0 0 0 0 0 0 0 0 0 0 0 0 0 0 0 0 0 0 0 0 0 0 0 0 0 0 0 0 0 0 0 0 0 0 0 0 0 0 0 0 0 0 0 0 0 0 0 0 0 0 0 0 0 0 0 0 0 0 0 0 0 0 0 0 0 0 0 0 0 0 0 0 0 0 0 0 0 0 0 0 0 0 0 0 0 0 0 0 0 0 0 0 0 0 0 0 0 0
11/06/2024 07:46:52 - INFO - utils_ner -   input_mask: 1 1 1 1 1 1 1 1 1 1 1 1 1 1 1 1 1 1 1 1 1 1 1 1 1 1 1 1 1 1 1 1 1 1 1 1 1 1 1 1 1 1 1 1 1 1 1 1 1 1 1 1 1 1 1 1 1 1 1 1 1 1 1 1 1 1 1 1 1 1 1 1 1 1 1 1 1 1 1 1 1 1 1 1 1 1 1 1 1 1 1 1 1 1 1 1 1 1 1 1 1 1 1 1 1 1 1 1 1 1 1 1 1 1 1 1 1 1 1 1 1 1 1 1 1 1 1 1 1 1 1 1 1 1 1 1 1 1 1 1 1 1 1 1 1 1 1 1 0 0 0 0 0 0 0 0 0 0 0 0 0 0 0 0 0 0 0 0 0 0 0 0 0 0 0 0 0 0 0 0 0 0 0 0 0 0 0 0 0 0 0 0 0 0 0 0 0 0 0 0 0 0 0 0 0 0 0 0 0 0 0 0 0 0 0 0 0 0 0 0 0 0 0 0 0 0 0 0 0 0 0 0 0 0 0 0 0 0 0 0 0 0 0 0 0 0 0 0 0 0 0 0 0 0 0 0 0 0 0 0 0 0 0 0 0 0 0 0 0 0 0 0 0 0 0 0 0 0 0 0 0 0 0 0 0 0 0 0 0 0 0 0 0 0 0 0 0 0 0 0 0 0 0 0 0 0 0 0 0 0 0 0 0 0 0 0 0 0 0 0 0 0 0 0 0 0 0 0 0 0 0 0 0 0 0 0 0 0 0 0 0 0 0 0 0 0 0 0 0 0 0 0 0 0 0 0 0 0 0 0 0 0 0 0 0 0 0 0 0 0 0 0 0 0 0 0 0 0 0 0 0 0 0 0
11/06/2024 07:46:52 - INFO - utils_ner -   segment_ids: 0 0 0 0 0 0 0 0 0 0 0 0 0 0 0 0 0 0 0 0 0 0 0 0 0 0 0 0 0 0 0 0 0 0 0 0 0 0 0 0 0 0 0 0 0 0 0 0 0 0 0 0 0 0 0 0 0 0 0 0 0 0 0 0 0 0 0 0 0 0 0 0 0 0 0 0 0 0 0 0 0 0 0 0 0 0 0 0 0 0 0 0 0 0 0 0 0 0 0 0 0 0 0 0 0 0 0 0 0 0 0 0 0 0 0 0 0 0 0 0 0 0 0 0 0 0 0 0 0 0 0 0 0 0 0 0 0 0 0 0 0 0 0 0 0 0 0 0 0 0 0 0 0 0 0 0 0 0 0 0 0 0 0 0 0 0 0 0 0 0 0 0 0 0 0 0 0 0 0 0 0 0 0 0 0 0 0 0 0 0 0 0 0 0 0 0 0 0 0 0 0 0 0 0 0 0 0 0 0 0 0 0 0 0 0 0 0 0 0 0 0 0 0 0 0 0 0 0 0 0 0 0 0 0 0 0 0 0 0 0 0 0 0 0 0 0 0 0 0 0 0 0 0 0 0 0 0 0 0 0 0 0 0 0 0 0 0 0 0 0 0 0 0 0 0 0 0 0 0 0 0 0 0 0 0 0 0 0 0 0 0 0 0 0 0 0 0 0 0 0 0 0 0 0 0 0 0 0 0 0 0 0 0 0 0 0 0 0 0 0 0 0 0 0 0 0 0 0 0 0 0 0 0 0 0 0 0 0 0 0 0 0 0 0 0 0 0 0 0 0 0 0 0 0 0 0 0 0 0 0 0 0 0 0 0 0 0 0 0 0 0 0 0 0 0 0 0 0 0 0 0 0 0 0
11/06/2024 07:46:52 - INFO - utils_ner -   label_ids: -100 4 4 4 4 -100 4 4 4 -100 4 -100 -100 -100 4 2 3 -100 -100 -100 -100 -100 4 -100 -100 -100 -100 -100 4 4 4 4 4 -100 -100 -100 4 -100 -100 -100 4 -100 -100 -100 4 -100 4 4 -100 -100 4 -100 4 -100 -100 4 -100 -100 -100 4 -100 -100 -100 -100 4 -100 4 -100 -100 -100 -100 4 4 4 4 4 4 4 4 4 -100 -100 -100 -100 -100 4 4 -100 4 -100 -100 -100 4 -100 -100 -100 4 -100 -100 -100 4 -100 -100 -100 4 -100 4 -100 -100 4 -100 -100 -100 4 -100 -100 -100 -100 4 -100 4 -100 -100 -100 -100 4 -100 -100 -100 -100 -100 4 -100 -100 -100 -100 4 4 -100 -100 -100 -100 4 -100 4 4 -100 -100 -100 -100 -100 -100 -100 -100 -100 -100 -100 -100 -100 -100 -100 -100 -100 -100 -100 -100 -100 -100 -100 -100 -100 -100 -100 -100 -100 -100 -100 -100 -100 -100 -100 -100 -100 -100 -100 -100 -100 -100 -100 -100 -100 -100 -100 -100 -100 -100 -100 -100 -100 -100 -100 -100 -100 -100 -100 -100 -100 -100 -100 -100 -100 -100 -100 -100 -100 -100 -100 -100 -100 -100 -100 -100 -100 -100 -100 -100 -100 -100 -100 -100 -100 -100 -100 -100 -100 -100 -100 -100 -100 -100 -100 -100 -100 -100 -100 -100 -100 -100 -100 -100 -100 -100 -100 -100 -100 -100 -100 -100 -100 -100 -100 -100 -100 -100 -100 -100 -100 -100 -100 -100 -100 -100 -100 -100 -100 -100 -100 -100 -100 -100 -100 -100 -100 -100 -100 -100 -100 -100 -100 -100 -100 -100 -100 -100 -100 -100 -100 -100 -100 -100 -100 -100 -100 -100 -100 -100 -100 -100 -100 -100 -100 -100 -100 -100 -100 -100 -100 -100 -100 -100 -100 -100 -100 -100 -100 -100 -100 -100 -100 -100 -100 -100 -100 -100 -100 -100 -100 -100 -100 -100 -100 -100 -100 -100 -100 -100 -100 -100 -100 -100 -100 -100 -100 -100 -100 -100 -100 -100 -100 -100 -100 -100 -100 -100 -100 -100 -100 -100 -100 -100 -100 -100 -100 -100 -100 -100 -100 -100 -100 -100 -100 -100 -100 -100
11/06/2024 07:46:52 - INFO - utils_ner -   *** Example ***
11/06/2024 07:46:52 - INFO - utils_ner -   guid: train_dev-4
11/06/2024 07:46:52 - INFO - utils_ner -   tokens: [CLS] in addition , p ##la sm a levels of fa 20 : 4 ; oh correlated positively with body mass index ( r = 0 . 42 ##7 , p = 0 . 00 ##7 ) and di ##ast ##olic blood pressure ( r = 0 . 365 , p = 0 . 02 ##8 ) . [SEP]
11/06/2024 07:46:52 - INFO - utils_ner -   input_ids: 101 1107 1901 117 185 1742 29208 170 3001 1104 29077 1406 131 125 132 9294 27053 14257 1114 1404 3367 7448 113 187 134 121 119 3565 1559 117 185 134 121 119 3135 1559 114 1105 4267 12788 14987 1892 2997 113 187 134 121 119 21033 117 185 134 121 119 5507 1604 114 119 102 0 0 0 0 0 0 0 0 0 0 0 0 0 0 0 0 0 0 0 0 0 0 0 0 0 0 0 0 0 0 0 0 0 0 0 0 0 0 0 0 0 0 0 0 0 0 0 0 0 0 0 0 0 0 0 0 0 0 0 0 0 0 0 0 0 0 0 0 0 0 0 0 0 0 0 0 0 0 0 0 0 0 0 0 0 0 0 0 0 0 0 0 0 0 0 0 0 0 0 0 0 0 0 0 0 0 0 0 0 0 0 0 0 0 0 0 0 0 0 0 0 0 0 0 0 0 0 0 0 0 0 0 0 0 0 0 0 0 0 0 0 0 0 0 0 0 0 0 0 0 0 0 0 0 0 0 0 0 0 0 0 0 0 0 0 0 0 0 0 0 0 0 0 0 0 0 0 0 0 0 0 0 0 0 0 0 0 0 0 0 0 0 0 0 0 0 0 0 0 0 0 0 0 0 0 0 0 0 0 0 0 0 0 0 0 0 0 0 0 0 0 0 0 0 0 0 0 0 0 0 0 0 0 0 0 0 0 0 0 0 0 0 0 0 0 0 0 0 0 0 0 0 0 0 0 0 0 0 0 0 0 0 0 0 0 0 0 0 0 0 0 0 0 0 0 0 0 0 0 0 0 0 0 0 0 0 0 0 0 0 0 0 0 0 0 0 0 0 0 0 0 0 0 0 0 0 0 0 0 0 0 0 0 0 0 0 0 0 0 0 0 0 0 0 0
11/06/2024 07:46:52 - INFO - utils_ner -   input_mask: 1 1 1 1 1 1 1 1 1 1 1 1 1 1 1 1 1 1 1 1 1 1 1 1 1 1 1 1 1 1 1 1 1 1 1 1 1 1 1 1 1 1 1 1 1 1 1 1 1 1 1 1 1 1 1 1 1 1 1 0 0 0 0 0 0 0 0 0 0 0 0 0 0 0 0 0 0 0 0 0 0 0 0 0 0 0 0 0 0 0 0 0 0 0 0 0 0 0 0 0 0 0 0 0 0 0 0 0 0 0 0 0 0 0 0 0 0 0 0 0 0 0 0 0 0 0 0 0 0 0 0 0 0 0 0 0 0 0 0 0 0 0 0 0 0 0 0 0 0 0 0 0 0 0 0 0 0 0 0 0 0 0 0 0 0 0 0 0 0 0 0 0 0 0 0 0 0 0 0 0 0 0 0 0 0 0 0 0 0 0 0 0 0 0 0 0 0 0 0 0 0 0 0 0 0 0 0 0 0 0 0 0 0 0 0 0 0 0 0 0 0 0 0 0 0 0 0 0 0 0 0 0 0 0 0 0 0 0 0 0 0 0 0 0 0 0 0 0 0 0 0 0 0 0 0 0 0 0 0 0 0 0 0 0 0 0 0 0 0 0 0 0 0 0 0 0 0 0 0 0 0 0 0 0 0 0 0 0 0 0 0 0 0 0 0 0 0 0 0 0 0 0 0 0 0 0 0 0 0 0 0 0 0 0 0 0 0 0 0 0 0 0 0 0 0 0 0 0 0 0 0 0 0 0 0 0 0 0 0 0 0 0 0 0 0 0 0 0 0 0 0 0 0 0 0 0 0 0 0 0 0 0 0 0 0 0 0 0 0 0 0 0 0 0 0 0 0 0 0 0 0 0 0 0
11/06/2024 07:46:52 - INFO - utils_ner -   segment_ids: 0 0 0 0 0 0 0 0 0 0 0 0 0 0 0 0 0 0 0 0 0 0 0 0 0 0 0 0 0 0 0 0 0 0 0 0 0 0 0 0 0 0 0 0 0 0 0 0 0 0 0 0 0 0 0 0 0 0 0 0 0 0 0 0 0 0 0 0 0 0 0 0 0 0 0 0 0 0 0 0 0 0 0 0 0 0 0 0 0 0 0 0 0 0 0 0 0 0 0 0 0 0 0 0 0 0 0 0 0 0 0 0 0 0 0 0 0 0 0 0 0 0 0 0 0 0 0 0 0 0 0 0 0 0 0 0 0 0 0 0 0 0 0 0 0 0 0 0 0 0 0 0 0 0 0 0 0 0 0 0 0 0 0 0 0 0 0 0 0 0 0 0 0 0 0 0 0 0 0 0 0 0 0 0 0 0 0 0 0 0 0 0 0 0 0 0 0 0 0 0 0 0 0 0 0 0 0 0 0 0 0 0 0 0 0 0 0 0 0 0 0 0 0 0 0 0 0 0 0 0 0 0 0 0 0 0 0 0 0 0 0 0 0 0 0 0 0 0 0 0 0 0 0 0 0 0 0 0 0 0 0 0 0 0 0 0 0 0 0 0 0 0 0 0 0 0 0 0 0 0 0 0 0 0 0 0 0 0 0 0 0 0 0 0 0 0 0 0 0 0 0 0 0 0 0 0 0 0 0 0 0 0 0 0 0 0 0 0 0 0 0 0 0 0 0 0 0 0 0 0 0 0 0 0 0 0 0 0 0 0 0 0 0 0 0 0 0 0 0 0 0 0 0 0 0 0 0 0 0 0 0 0 0 0 0 0 0 0 0 0 0 0 0 0 0 0 0 0 0 0 0 0 0 0
11/06/2024 07:46:52 - INFO - utils_ner -   label_ids: -100 4 4 -100 4 -100 -100 -100 4 4 2 3 -100 -100 -100 -100 4 4 4 4 4 4 4 -100 4 4 -100 -100 -100 -100 4 4 4 -100 -100 -100 -100 4 4 -100 -100 4 4 4 -100 4 4 -100 -100 -100 4 4 4 -100 -100 -100 -100 -100 -100 -100 -100 -100 -100 -100 -100 -100 -100 -100 -100 -100 -100 -100 -100 -100 -100 -100 -100 -100 -100 -100 -100 -100 -100 -100 -100 -100 -100 -100 -100 -100 -100 -100 -100 -100 -100 -100 -100 -100 -100 -100 -100 -100 -100 -100 -100 -100 -100 -100 -100 -100 -100 -100 -100 -100 -100 -100 -100 -100 -100 -100 -100 -100 -100 -100 -100 -100 -100 -100 -100 -100 -100 -100 -100 -100 -100 -100 -100 -100 -100 -100 -100 -100 -100 -100 -100 -100 -100 -100 -100 -100 -100 -100 -100 -100 -100 -100 -100 -100 -100 -100 -100 -100 -100 -100 -100 -100 -100 -100 -100 -100 -100 -100 -100 -100 -100 -100 -100 -100 -100 -100 -100 -100 -100 -100 -100 -100 -100 -100 -100 -100 -100 -100 -100 -100 -100 -100 -100 -100 -100 -100 -100 -100 -100 -100 -100 -100 -100 -100 -100 -100 -100 -100 -100 -100 -100 -100 -100 -100 -100 -100 -100 -100 -100 -100 -100 -100 -100 -100 -100 -100 -100 -100 -100 -100 -100 -100 -100 -100 -100 -100 -100 -100 -100 -100 -100 -100 -100 -100 -100 -100 -100 -100 -100 -100 -100 -100 -100 -100 -100 -100 -100 -100 -100 -100 -100 -100 -100 -100 -100 -100 -100 -100 -100 -100 -100 -100 -100 -100 -100 -100 -100 -100 -100 -100 -100 -100 -100 -100 -100 -100 -100 -100 -100 -100 -100 -100 -100 -100 -100 -100 -100 -100 -100 -100 -100 -100 -100 -100 -100 -100 -100 -100 -100 -100 -100 -100 -100 -100 -100 -100 -100 -100 -100 -100 -100 -100 -100 -100 -100 -100 -100 -100 -100 -100 -100 -100 -100 -100 -100 -100 -100 -100 -100 -100 -100 -100 -100 -100 -100 -100 -100 -100 -100 -100 -100 -100 -100 -100 -100 -100 -100 -100 -100 -100 -100 -100 -100 -100 -100 -100 -100 -100 -100 -100 -100 -100 -100 -100 -100 -100 -100 -100 -100 -100
11/06/2024 07:46:52 - INFO - utils_ner -   *** Example ***
11/06/2024 07:46:52 - INFO - utils_ner -   guid: train_dev-5
11/06/2024 07:46:52 - INFO - utils_ner -   tokens: [CLS] 95 % c ##i of 0 . 95 ##− ##0 . 98 ) , the - ch group ( δ 2 . 61 , r = 0 . 88 ; 95 % c ##i of 0 . 85 ##− ##0 . 91 ) , and the met ##hyl group from the fa 3 : 0 side chain ( δ 1 . 07 , r ) 0 . 87 ; 95 % c ##i of 0 . 92 – 0 . 9 ) . [SEP]
11/06/2024 07:46:52 - INFO - utils_ner -   input_ids: 101 4573 110 172 1182 1104 121 119 4573 25532 1568 119 5103 114 117 1103 118 22572 1372 113 421 123 119 5391 117 187 134 121 119 5385 132 4573 110 172 1182 1104 121 119 4859 25532 1568 119 5539 114 117 1105 1103 1899 18873 1372 1121 1103 29077 124 131 121 1334 4129 113 421 122 119 5004 117 187 114 121 119 5966 132 4573 110 172 1182 1104 121 119 5556 782 121 119 130 114 119 102 0 0 0 0 0 0 0 0 0 0 0 0 0 0 0 0 0 0 0 0 0 0 0 0 0 0 0 0 0 0 0 0 0 0 0 0 0 0 0 0 0 0 0 0 0 0 0 0 0 0 0 0 0 0 0 0 0 0 0 0 0 0 0 0 0 0 0 0 0 0 0 0 0 0 0 0 0 0 0 0 0 0 0 0 0 0 0 0 0 0 0 0 0 0 0 0 0 0 0 0 0 0 0 0 0 0 0 0 0 0 0 0 0 0 0 0 0 0 0 0 0 0 0 0 0 0 0 0 0 0 0 0 0 0 0 0 0 0 0 0 0 0 0 0 0 0 0 0 0 0 0 0 0 0 0 0 0 0 0 0 0 0 0 0 0 0 0 0 0 0 0 0 0 0 0 0 0 0 0 0 0 0 0 0 0 0 0 0 0 0 0 0 0 0 0 0 0 0 0 0 0 0 0 0 0 0 0 0 0 0 0 0 0 0 0 0 0 0 0 0 0 0 0 0 0 0 0 0 0 0 0 0 0 0 0 0 0 0 0 0 0 0 0 0 0 0 0 0 0 0 0 0 0 0 0 0 0 0 0 0 0 0 0 0 0 0 0 0 0 0 0 0 0 0 0 0 0 0 0 0 0 0 0 0 0 0 0 0 0 0 0 0 0 0 0 0 0 0 0
11/06/2024 07:46:52 - INFO - utils_ner -   input_mask: 1 1 1 1 1 1 1 1 1 1 1 1 1 1 1 1 1 1 1 1 1 1 1 1 1 1 1 1 1 1 1 1 1 1 1 1 1 1 1 1 1 1 1 1 1 1 1 1 1 1 1 1 1 1 1 1 1 1 1 1 1 1 1 1 1 1 1 1 1 1 1 1 1 1 1 1 1 1 1 1 1 1 1 1 1 0 0 0 0 0 0 0 0 0 0 0 0 0 0 0 0 0 0 0 0 0 0 0 0 0 0 0 0 0 0 0 0 0 0 0 0 0 0 0 0 0 0 0 0 0 0 0 0 0 0 0 0 0 0 0 0 0 0 0 0 0 0 0 0 0 0 0 0 0 0 0 0 0 0 0 0 0 0 0 0 0 0 0 0 0 0 0 0 0 0 0 0 0 0 0 0 0 0 0 0 0 0 0 0 0 0 0 0 0 0 0 0 0 0 0 0 0 0 0 0 0 0 0 0 0 0 0 0 0 0 0 0 0 0 0 0 0 0 0 0 0 0 0 0 0 0 0 0 0 0 0 0 0 0 0 0 0 0 0 0 0 0 0 0 0 0 0 0 0 0 0 0 0 0 0 0 0 0 0 0 0 0 0 0 0 0 0 0 0 0 0 0 0 0 0 0 0 0 0 0 0 0 0 0 0 0 0 0 0 0 0 0 0 0 0 0 0 0 0 0 0 0 0 0 0 0 0 0 0 0 0 0 0 0 0 0 0 0 0 0 0 0 0 0 0 0 0 0 0 0 0 0 0 0 0 0 0 0 0 0 0 0 0 0 0 0 0 0 0 0 0 0 0 0 0 0 0 0 0 0 0 0 0 0 0 0 0 0 0 0 0 0 0 0 0 0 0 0 0
11/06/2024 07:46:52 - INFO - utils_ner -   segment_ids: 0 0 0 0 0 0 0 0 0 0 0 0 0 0 0 0 0 0 0 0 0 0 0 0 0 0 0 0 0 0 0 0 0 0 0 0 0 0 0 0 0 0 0 0 0 0 0 0 0 0 0 0 0 0 0 0 0 0 0 0 0 0 0 0 0 0 0 0 0 0 0 0 0 0 0 0 0 0 0 0 0 0 0 0 0 0 0 0 0 0 0 0 0 0 0 0 0 0 0 0 0 0 0 0 0 0 0 0 0 0 0 0 0 0 0 0 0 0 0 0 0 0 0 0 0 0 0 0 0 0 0 0 0 0 0 0 0 0 0 0 0 0 0 0 0 0 0 0 0 0 0 0 0 0 0 0 0 0 0 0 0 0 0 0 0 0 0 0 0 0 0 0 0 0 0 0 0 0 0 0 0 0 0 0 0 0 0 0 0 0 0 0 0 0 0 0 0 0 0 0 0 0 0 0 0 0 0 0 0 0 0 0 0 0 0 0 0 0 0 0 0 0 0 0 0 0 0 0 0 0 0 0 0 0 0 0 0 0 0 0 0 0 0 0 0 0 0 0 0 0 0 0 0 0 0 0 0 0 0 0 0 0 0 0 0 0 0 0 0 0 0 0 0 0 0 0 0 0 0 0 0 0 0 0 0 0 0 0 0 0 0 0 0 0 0 0 0 0 0 0 0 0 0 0 0 0 0 0 0 0 0 0 0 0 0 0 0 0 0 0 0 0 0 0 0 0 0 0 0 0 0 0 0 0 0 0 0 0 0 0 0 0 0 0 0 0 0 0 0 0 0 0 0 0 0 0 0 0 0 0 0 0 0 0 0 0 0 0 0 0 0 0 0 0 0 0 0 0 0 0 0 0 0 0
11/06/2024 07:46:52 - INFO - utils_ner -   label_ids: -100 4 -100 4 -100 4 4 -100 -100 -100 -100 -100 -100 -100 -100 4 -100 -100 4 4 -100 4 -100 -100 -100 4 4 4 -100 -100 -100 4 -100 4 -100 4 4 -100 -100 -100 -100 -100 -100 -100 -100 4 4 4 -100 4 4 4 2 3 -100 -100 4 4 4 -100 4 -100 -100 -100 4 4 4 -100 -100 -100 4 -100 4 -100 4 4 -100 -100 -100 -100 -100 -100 -100 -100 -100 -100 -100 -100 -100 -100 -100 -100 -100 -100 -100 -100 -100 -100 -100 -100 -100 -100 -100 -100 -100 -100 -100 -100 -100 -100 -100 -100 -100 -100 -100 -100 -100 -100 -100 -100 -100 -100 -100 -100 -100 -100 -100 -100 -100 -100 -100 -100 -100 -100 -100 -100 -100 -100 -100 -100 -100 -100 -100 -100 -100 -100 -100 -100 -100 -100 -100 -100 -100 -100 -100 -100 -100 -100 -100 -100 -100 -100 -100 -100 -100 -100 -100 -100 -100 -100 -100 -100 -100 -100 -100 -100 -100 -100 -100 -100 -100 -100 -100 -100 -100 -100 -100 -100 -100 -100 -100 -100 -100 -100 -100 -100 -100 -100 -100 -100 -100 -100 -100 -100 -100 -100 -100 -100 -100 -100 -100 -100 -100 -100 -100 -100 -100 -100 -100 -100 -100 -100 -100 -100 -100 -100 -100 -100 -100 -100 -100 -100 -100 -100 -100 -100 -100 -100 -100 -100 -100 -100 -100 -100 -100 -100 -100 -100 -100 -100 -100 -100 -100 -100 -100 -100 -100 -100 -100 -100 -100 -100 -100 -100 -100 -100 -100 -100 -100 -100 -100 -100 -100 -100 -100 -100 -100 -100 -100 -100 -100 -100 -100 -100 -100 -100 -100 -100 -100 -100 -100 -100 -100 -100 -100 -100 -100 -100 -100 -100 -100 -100 -100 -100 -100 -100 -100 -100 -100 -100 -100 -100 -100 -100 -100 -100 -100 -100 -100 -100 -100 -100 -100 -100 -100 -100 -100 -100 -100 -100 -100 -100 -100 -100 -100 -100 -100 -100 -100 -100 -100 -100 -100 -100 -100 -100 -100 -100 -100 -100 -100 -100 -100 -100 -100 -100 -100 -100 -100 -100 -100 -100 -100 -100 -100 -100 -100 -100 -100 -100 -100 -100 -100 -100 -100 -100 -100 -100 -100 -100 -100 -100 -100 -100
11/06/2024 07:47:00 - INFO - utils_ner -   Saving features into cached file /home/data/t200404/bioinfo/P_subject/NLP/biobert/datasets/for_train/datasets_from_download/NER/lipid/2_LipidCorpus_Normalized.Name_BIO_2/cached_train_dev_BertTokenizer_max_seq_length_384
11/06/2024 07:47:00 - INFO - utils_ner -   Creating features from dataset file at /home/data/t200404/bioinfo/P_subject/NLP/biobert/datasets/for_train/datasets_from_download/NER/lipid/2_LipidCorpus_Normalized.Name_BIO_2
11/06/2024 07:47:00 - INFO - utils_ner -   Writing example 0 of 173
11/06/2024 07:47:00 - INFO - utils_ner -   *** Example ***
11/06/2024 07:47:00 - INFO - utils_ner -   guid: devel-1
11/06/2024 07:47:00 - INFO - utils_ner -   tokens: [CLS] [ , , ] , lpc 20 : 4 [ , ] , lpe 18 : 0 , lpe 18 : 1 . [SEP]
11/06/2024 07:47:00 - INFO - utils_ner -   input_ids: 101 164 117 117 166 117 29095 1406 131 125 164 117 166 117 29096 1407 131 121 117 29096 1407 131 122 119 102 0 0 0 0 0 0 0 0 0 0 0 0 0 0 0 0 0 0 0 0 0 0 0 0 0 0 0 0 0 0 0 0 0 0 0 0 0 0 0 0 0 0 0 0 0 0 0 0 0 0 0 0 0 0 0 0 0 0 0 0 0 0 0 0 0 0 0 0 0 0 0 0 0 0 0 0 0 0 0 0 0 0 0 0 0 0 0 0 0 0 0 0 0 0 0 0 0 0 0 0 0 0 0 0 0 0 0 0 0 0 0 0 0 0 0 0 0 0 0 0 0 0 0 0 0 0 0 0 0 0 0 0 0 0 0 0 0 0 0 0 0 0 0 0 0 0 0 0 0 0 0 0 0 0 0 0 0 0 0 0 0 0 0 0 0 0 0 0 0 0 0 0 0 0 0 0 0 0 0 0 0 0 0 0 0 0 0 0 0 0 0 0 0 0 0 0 0 0 0 0 0 0 0 0 0 0 0 0 0 0 0 0 0 0 0 0 0 0 0 0 0 0 0 0 0 0 0 0 0 0 0 0 0 0 0 0 0 0 0 0 0 0 0 0 0 0 0 0 0 0 0 0 0 0 0 0 0 0 0 0 0 0 0 0 0 0 0 0 0 0 0 0 0 0 0 0 0 0 0 0 0 0 0 0 0 0 0 0 0 0 0 0 0 0 0 0 0 0 0 0 0 0 0 0 0 0 0 0 0 0 0 0 0 0 0 0 0 0 0 0 0 0 0 0 0 0 0 0 0 0 0 0 0 0 0 0 0 0 0 0 0 0 0 0 0 0 0 0 0 0 0 0 0 0 0 0 0 0 0
11/06/2024 07:47:00 - INFO - utils_ner -   input_mask: 1 1 1 1 1 1 1 1 1 1 1 1 1 1 1 1 1 1 1 1 1 1 1 1 1 0 0 0 0 0 0 0 0 0 0 0 0 0 0 0 0 0 0 0 0 0 0 0 0 0 0 0 0 0 0 0 0 0 0 0 0 0 0 0 0 0 0 0 0 0 0 0 0 0 0 0 0 0 0 0 0 0 0 0 0 0 0 0 0 0 0 0 0 0 0 0 0 0 0 0 0 0 0 0 0 0 0 0 0 0 0 0 0 0 0 0 0 0 0 0 0 0 0 0 0 0 0 0 0 0 0 0 0 0 0 0 0 0 0 0 0 0 0 0 0 0 0 0 0 0 0 0 0 0 0 0 0 0 0 0 0 0 0 0 0 0 0 0 0 0 0 0 0 0 0 0 0 0 0 0 0 0 0 0 0 0 0 0 0 0 0 0 0 0 0 0 0 0 0 0 0 0 0 0 0 0 0 0 0 0 0 0 0 0 0 0 0 0 0 0 0 0 0 0 0 0 0 0 0 0 0 0 0 0 0 0 0 0 0 0 0 0 0 0 0 0 0 0 0 0 0 0 0 0 0 0 0 0 0 0 0 0 0 0 0 0 0 0 0 0 0 0 0 0 0 0 0 0 0 0 0 0 0 0 0 0 0 0 0 0 0 0 0 0 0 0 0 0 0 0 0 0 0 0 0 0 0 0 0 0 0 0 0 0 0 0 0 0 0 0 0 0 0 0 0 0 0 0 0 0 0 0 0 0 0 0 0 0 0 0 0 0 0 0 0 0 0 0 0 0 0 0 0 0 0 0 0 0 0 0 0 0 0 0 0 0 0 0 0 0 0 0 0 0 0 0 0 0 0 0 0 0 0 0
11/06/2024 07:47:00 - INFO - utils_ner -   segment_ids: 0 0 0 0 0 0 0 0 0 0 0 0 0 0 0 0 0 0 0 0 0 0 0 0 0 0 0 0 0 0 0 0 0 0 0 0 0 0 0 0 0 0 0 0 0 0 0 0 0 0 0 0 0 0 0 0 0 0 0 0 0 0 0 0 0 0 0 0 0 0 0 0 0 0 0 0 0 0 0 0 0 0 0 0 0 0 0 0 0 0 0 0 0 0 0 0 0 0 0 0 0 0 0 0 0 0 0 0 0 0 0 0 0 0 0 0 0 0 0 0 0 0 0 0 0 0 0 0 0 0 0 0 0 0 0 0 0 0 0 0 0 0 0 0 0 0 0 0 0 0 0 0 0 0 0 0 0 0 0 0 0 0 0 0 0 0 0 0 0 0 0 0 0 0 0 0 0 0 0 0 0 0 0 0 0 0 0 0 0 0 0 0 0 0 0 0 0 0 0 0 0 0 0 0 0 0 0 0 0 0 0 0 0 0 0 0 0 0 0 0 0 0 0 0 0 0 0 0 0 0 0 0 0 0 0 0 0 0 0 0 0 0 0 0 0 0 0 0 0 0 0 0 0 0 0 0 0 0 0 0 0 0 0 0 0 0 0 0 0 0 0 0 0 0 0 0 0 0 0 0 0 0 0 0 0 0 0 0 0 0 0 0 0 0 0 0 0 0 0 0 0 0 0 0 0 0 0 0 0 0 0 0 0 0 0 0 0 0 0 0 0 0 0 0 0 0 0 0 0 0 0 0 0 0 0 0 0 0 0 0 0 0 0 0 0 0 0 0 0 0 0 0 0 0 0 0 0 0 0 0 0 0 0 0 0 0 0 0 0 0 0 0 0 0 0 0 0 0 0 0 0 0 0 0
11/06/2024 07:47:00 - INFO - utils_ner -   label_ids: -100 4 -100 4 4 -100 2 3 -100 -100 4 -100 4 -100 2 3 -100 -100 -100 2 3 -100 -100 -100 -100 -100 -100 -100 -100 -100 -100 -100 -100 -100 -100 -100 -100 -100 -100 -100 -100 -100 -100 -100 -100 -100 -100 -100 -100 -100 -100 -100 -100 -100 -100 -100 -100 -100 -100 -100 -100 -100 -100 -100 -100 -100 -100 -100 -100 -100 -100 -100 -100 -100 -100 -100 -100 -100 -100 -100 -100 -100 -100 -100 -100 -100 -100 -100 -100 -100 -100 -100 -100 -100 -100 -100 -100 -100 -100 -100 -100 -100 -100 -100 -100 -100 -100 -100 -100 -100 -100 -100 -100 -100 -100 -100 -100 -100 -100 -100 -100 -100 -100 -100 -100 -100 -100 -100 -100 -100 -100 -100 -100 -100 -100 -100 -100 -100 -100 -100 -100 -100 -100 -100 -100 -100 -100 -100 -100 -100 -100 -100 -100 -100 -100 -100 -100 -100 -100 -100 -100 -100 -100 -100 -100 -100 -100 -100 -100 -100 -100 -100 -100 -100 -100 -100 -100 -100 -100 -100 -100 -100 -100 -100 -100 -100 -100 -100 -100 -100 -100 -100 -100 -100 -100 -100 -100 -100 -100 -100 -100 -100 -100 -100 -100 -100 -100 -100 -100 -100 -100 -100 -100 -100 -100 -100 -100 -100 -100 -100 -100 -100 -100 -100 -100 -100 -100 -100 -100 -100 -100 -100 -100 -100 -100 -100 -100 -100 -100 -100 -100 -100 -100 -100 -100 -100 -100 -100 -100 -100 -100 -100 -100 -100 -100 -100 -100 -100 -100 -100 -100 -100 -100 -100 -100 -100 -100 -100 -100 -100 -100 -100 -100 -100 -100 -100 -100 -100 -100 -100 -100 -100 -100 -100 -100 -100 -100 -100 -100 -100 -100 -100 -100 -100 -100 -100 -100 -100 -100 -100 -100 -100 -100 -100 -100 -100 -100 -100 -100 -100 -100 -100 -100 -100 -100 -100 -100 -100 -100 -100 -100 -100 -100 -100 -100 -100 -100 -100 -100 -100 -100 -100 -100 -100 -100 -100 -100 -100 -100 -100 -100 -100 -100 -100 -100 -100 -100 -100 -100 -100 -100 -100 -100 -100 -100 -100 -100 -100 -100 -100 -100 -100 -100 -100 -100 -100 -100 -100 -100 -100 -100 -100 -100 -100 -100 -100 -100 -100 -100 -100 -100 -100 -100 -100
11/06/2024 07:47:00 - INFO - utils_ner -   *** Example ***
11/06/2024 07:47:00 - INFO - utils_ner -   guid: devel-2
11/06/2024 07:47:00 - INFO - utils_ner -   tokens: [CLS] although most pa tie ##nts with f ##es ##z re ce i ##ved medication and should be carefully considered , two in ##de pe n ##dent sample sets were analyzed and increased levels of c ##rea ##tine , and decreased levels of beta ##ine , fa 9 : 0 , ben ##zoic acid and pe r ##ill ##ic acid were identified in pa tie ##nts with f ##es ##z . [SEP]
11/06/2024 07:47:00 - INFO - utils_ner -   input_ids: 101 1780 1211 29143 5069 5240 1114 175 1279 1584 1231 29027 178 5790 15683 1105 1431 1129 4727 1737 117 1160 1107 2007 29146 183 11951 6876 3741 1127 17689 1105 2569 3001 1104 172 11811 12569 117 1105 10558 3001 1104 11933 2042 117 29077 130 131 121 117 26181 23020 5190 1105 29146 187 7956 1596 5190 1127 3626 1107 29143 5069 5240 1114 175 1279 1584 119 102 0 0 0 0 0 0 0 0 0 0 0 0 0 0 0 0 0 0 0 0 0 0 0 0 0 0 0 0 0 0 0 0 0 0 0 0 0 0 0 0 0 0 0 0 0 0 0 0 0 0 0 0 0 0 0 0 0 0 0 0 0 0 0 0 0 0 0 0 0 0 0 0 0 0 0 0 0 0 0 0 0 0 0 0 0 0 0 0 0 0 0 0 0 0 0 0 0 0 0 0 0 0 0 0 0 0 0 0 0 0 0 0 0 0 0 0 0 0 0 0 0 0 0 0 0 0 0 0 0 0 0 0 0 0 0 0 0 0 0 0 0 0 0 0 0 0 0 0 0 0 0 0 0 0 0 0 0 0 0 0 0 0 0 0 0 0 0 0 0 0 0 0 0 0 0 0 0 0 0 0 0 0 0 0 0 0 0 0 0 0 0 0 0 0 0 0 0 0 0 0 0 0 0 0 0 0 0 0 0 0 0 0 0 0 0 0 0 0 0 0 0 0 0 0 0 0 0 0 0 0 0 0 0 0 0 0 0 0 0 0 0 0 0 0 0 0 0 0 0 0 0 0 0 0 0 0 0 0 0 0 0 0 0 0 0 0 0 0 0 0 0 0 0 0 0 0 0 0 0 0 0 0 0 0 0 0 0 0 0 0 0 0 0 0 0 0 0 0 0 0 0 0 0 0 0 0 0 0 0 0 0 0
11/06/2024 07:47:00 - INFO - utils_ner -   input_mask: 1 1 1 1 1 1 1 1 1 1 1 1 1 1 1 1 1 1 1 1 1 1 1 1 1 1 1 1 1 1 1 1 1 1 1 1 1 1 1 1 1 1 1 1 1 1 1 1 1 1 1 1 1 1 1 1 1 1 1 1 1 1 1 1 1 1 1 1 1 1 1 1 0 0 0 0 0 0 0 0 0 0 0 0 0 0 0 0 0 0 0 0 0 0 0 0 0 0 0 0 0 0 0 0 0 0 0 0 0 0 0 0 0 0 0 0 0 0 0 0 0 0 0 0 0 0 0 0 0 0 0 0 0 0 0 0 0 0 0 0 0 0 0 0 0 0 0 0 0 0 0 0 0 0 0 0 0 0 0 0 0 0 0 0 0 0 0 0 0 0 0 0 0 0 0 0 0 0 0 0 0 0 0 0 0 0 0 0 0 0 0 0 0 0 0 0 0 0 0 0 0 0 0 0 0 0 0 0 0 0 0 0 0 0 0 0 0 0 0 0 0 0 0 0 0 0 0 0 0 0 0 0 0 0 0 0 0 0 0 0 0 0 0 0 0 0 0 0 0 0 0 0 0 0 0 0 0 0 0 0 0 0 0 0 0 0 0 0 0 0 0 0 0 0 0 0 0 0 0 0 0 0 0 0 0 0 0 0 0 0 0 0 0 0 0 0 0 0 0 0 0 0 0 0 0 0 0 0 0 0 0 0 0 0 0 0 0 0 0 0 0 0 0 0 0 0 0 0 0 0 0 0 0 0 0 0 0 0 0 0 0 0 0 0 0 0 0 0 0 0 0 0 0 0 0 0 0 0 0 0 0 0 0 0 0 0 0 0 0 0 0 0 0 0 0 0 0 0 0 0 0 0 0 0
11/06/2024 07:47:00 - INFO - utils_ner -   segment_ids: 0 0 0 0 0 0 0 0 0 0 0 0 0 0 0 0 0 0 0 0 0 0 0 0 0 0 0 0 0 0 0 0 0 0 0 0 0 0 0 0 0 0 0 0 0 0 0 0 0 0 0 0 0 0 0 0 0 0 0 0 0 0 0 0 0 0 0 0 0 0 0 0 0 0 0 0 0 0 0 0 0 0 0 0 0 0 0 0 0 0 0 0 0 0 0 0 0 0 0 0 0 0 0 0 0 0 0 0 0 0 0 0 0 0 0 0 0 0 0 0 0 0 0 0 0 0 0 0 0 0 0 0 0 0 0 0 0 0 0 0 0 0 0 0 0 0 0 0 0 0 0 0 0 0 0 0 0 0 0 0 0 0 0 0 0 0 0 0 0 0 0 0 0 0 0 0 0 0 0 0 0 0 0 0 0 0 0 0 0 0 0 0 0 0 0 0 0 0 0 0 0 0 0 0 0 0 0 0 0 0 0 0 0 0 0 0 0 0 0 0 0 0 0 0 0 0 0 0 0 0 0 0 0 0 0 0 0 0 0 0 0 0 0 0 0 0 0 0 0 0 0 0 0 0 0 0 0 0 0 0 0 0 0 0 0 0 0 0 0 0 0 0 0 0 0 0 0 0 0 0 0 0 0 0 0 0 0 0 0 0 0 0 0 0 0 0 0 0 0 0 0 0 0 0 0 0 0 0 0 0 0 0 0 0 0 0 0 0 0 0 0 0 0 0 0 0 0 0 0 0 0 0 0 0 0 0 0 0 0 0 0 0 0 0 0 0 0 0 0 0 0 0 0 0 0 0 0 0 0 0 0 0 0 0 0 0 0 0 0 0 0 0 0 0 0 0 0 0 0 0 0 0 0 0
11/06/2024 07:47:00 - INFO - utils_ner -   label_ids: -100 4 4 4 -100 -100 4 4 -100 -100 4 -100 -100 -100 4 4 4 4 4 4 -100 4 4 -100 -100 -100 -100 4 4 4 4 4 4 4 4 4 -100 -100 -100 4 4 4 4 4 -100 -100 2 3 -100 -100 -100 4 -100 4 4 4 -100 -100 -100 4 4 4 4 4 -100 -100 4 4 -100 -100 -100 -100 -100 -100 -100 -100 -100 -100 -100 -100 -100 -100 -100 -100 -100 -100 -100 -100 -100 -100 -100 -100 -100 -100 -100 -100 -100 -100 -100 -100 -100 -100 -100 -100 -100 -100 -100 -100 -100 -100 -100 -100 -100 -100 -100 -100 -100 -100 -100 -100 -100 -100 -100 -100 -100 -100 -100 -100 -100 -100 -100 -100 -100 -100 -100 -100 -100 -100 -100 -100 -100 -100 -100 -100 -100 -100 -100 -100 -100 -100 -100 -100 -100 -100 -100 -100 -100 -100 -100 -100 -100 -100 -100 -100 -100 -100 -100 -100 -100 -100 -100 -100 -100 -100 -100 -100 -100 -100 -100 -100 -100 -100 -100 -100 -100 -100 -100 -100 -100 -100 -100 -100 -100 -100 -100 -100 -100 -100 -100 -100 -100 -100 -100 -100 -100 -100 -100 -100 -100 -100 -100 -100 -100 -100 -100 -100 -100 -100 -100 -100 -100 -100 -100 -100 -100 -100 -100 -100 -100 -100 -100 -100 -100 -100 -100 -100 -100 -100 -100 -100 -100 -100 -100 -100 -100 -100 -100 -100 -100 -100 -100 -100 -100 -100 -100 -100 -100 -100 -100 -100 -100 -100 -100 -100 -100 -100 -100 -100 -100 -100 -100 -100 -100 -100 -100 -100 -100 -100 -100 -100 -100 -100 -100 -100 -100 -100 -100 -100 -100 -100 -100 -100 -100 -100 -100 -100 -100 -100 -100 -100 -100 -100 -100 -100 -100 -100 -100 -100 -100 -100 -100 -100 -100 -100 -100 -100 -100 -100 -100 -100 -100 -100 -100 -100 -100 -100 -100 -100 -100 -100 -100 -100 -100 -100 -100 -100 -100 -100 -100 -100 -100 -100 -100 -100 -100 -100 -100 -100 -100 -100 -100 -100 -100 -100 -100 -100 -100 -100 -100 -100 -100 -100 -100 -100 -100 -100 -100 -100 -100 -100 -100 -100 -100 -100 -100 -100 -100 -100 -100 -100 -100 -100 -100 -100
11/06/2024 07:47:00 - INFO - utils_ner -   *** Example ***
11/06/2024 07:47:00 - INFO - utils_ner -   guid: devel-3
11/06/2024 07:47:00 - INFO - utils_ner -   tokens: [CLS] different l ##ys ##o pc s in addition to o ##leam ##ide and fa 20 : 3 that were also found to be significant in our study have been pre ##vio ##u sl y in cl u ##ded in a pa ne ##l of bio ##mark ##ers for different ##iating early stage color ##ec ##tal can cer pa tie ##nts from healthy controls that was shown to be more effective than the car ##cin ##oe ##mb ##ryo ##nic anti ##gen bio ##mark ##er usually u ##til ##ised in diagnosis of the disease . [SEP]
11/06/2024 07:47:00 - INFO - utils_ner -   input_ids: 101 1472 181 6834 1186 29145 188 1107 1901 1106 184 27764 3269 1105 29077 1406 131 124 1115 1127 1145 1276 1106 1129 2418 1107 1412 2025 1138 1151 3073 17417 1358 29206 194 1107 29040 190 4902 1107 170 29143 24928 1233 1104 25128 8519 1468 1111 1472 25148 1346 2016 2942 10294 6163 1169 29028 29143 5069 5240 1121 8071 7451 1115 1108 2602 1106 1129 1167 3903 1190 1103 1610 16430 7745 12913 26503 7770 2848 4915 25128 8519 1200 1932 190 19621 3673 1107 12645 1104 1103 3653 119 102 0 0 0 0 0 0 0 0 0 0 0 0 0 0 0 0 0 0 0 0 0 0 0 0 0 0 0 0 0 0 0 0 0 0 0 0 0 0 0 0 0 0 0 0 0 0 0 0 0 0 0 0 0 0 0 0 0 0 0 0 0 0 0 0 0 0 0 0 0 0 0 0 0 0 0 0 0 0 0 0 0 0 0 0 0 0 0 0 0 0 0 0 0 0 0 0 0 0 0 0 0 0 0 0 0 0 0 0 0 0 0 0 0 0 0 0 0 0 0 0 0 0 0 0 0 0 0 0 0 0 0 0 0 0 0 0 0 0 0 0 0 0 0 0 0 0 0 0 0 0 0 0 0 0 0 0 0 0 0 0 0 0 0 0 0 0 0 0 0 0 0 0 0 0 0 0 0 0 0 0 0 0 0 0 0 0 0 0 0 0 0 0 0 0 0 0 0 0 0 0 0 0 0 0 0 0 0 0 0 0 0 0 0 0 0 0 0 0 0 0 0 0 0 0 0 0 0 0 0 0 0 0 0 0 0 0 0 0 0 0 0 0 0 0 0 0 0 0 0 0 0 0 0 0 0 0 0 0 0 0 0 0 0 0 0 0 0 0 0 0 0 0 0 0 0 0 0 0 0 0 0 0 0 0 0 0 0 0 0
11/06/2024 07:47:00 - INFO - utils_ner -   input_mask: 1 1 1 1 1 1 1 1 1 1 1 1 1 1 1 1 1 1 1 1 1 1 1 1 1 1 1 1 1 1 1 1 1 1 1 1 1 1 1 1 1 1 1 1 1 1 1 1 1 1 1 1 1 1 1 1 1 1 1 1 1 1 1 1 1 1 1 1 1 1 1 1 1 1 1 1 1 1 1 1 1 1 1 1 1 1 1 1 1 1 1 1 1 1 1 0 0 0 0 0 0 0 0 0 0 0 0 0 0 0 0 0 0 0 0 0 0 0 0 0 0 0 0 0 0 0 0 0 0 0 0 0 0 0 0 0 0 0 0 0 0 0 0 0 0 0 0 0 0 0 0 0 0 0 0 0 0 0 0 0 0 0 0 0 0 0 0 0 0 0 0 0 0 0 0 0 0 0 0 0 0 0 0 0 0 0 0 0 0 0 0 0 0 0 0 0 0 0 0 0 0 0 0 0 0 0 0 0 0 0 0 0 0 0 0 0 0 0 0 0 0 0 0 0 0 0 0 0 0 0 0 0 0 0 0 0 0 0 0 0 0 0 0 0 0 0 0 0 0 0 0 0 0 0 0 0 0 0 0 0 0 0 0 0 0 0 0 0 0 0 0 0 0 0 0 0 0 0 0 0 0 0 0 0 0 0 0 0 0 0 0 0 0 0 0 0 0 0 0 0 0 0 0 0 0 0 0 0 0 0 0 0 0 0 0 0 0 0 0 0 0 0 0 0 0 0 0 0 0 0 0 0 0 0 0 0 0 0 0 0 0 0 0 0 0 0 0 0 0 0 0 0 0 0 0 0 0 0 0 0 0 0 0 0 0 0 0 0 0 0 0 0 0 0 0 0 0 0 0 0 0 0 0 0
11/06/2024 07:47:00 - INFO - utils_ner -   segment_ids: 0 0 0 0 0 0 0 0 0 0 0 0 0 0 0 0 0 0 0 0 0 0 0 0 0 0 0 0 0 0 0 0 0 0 0 0 0 0 0 0 0 0 0 0 0 0 0 0 0 0 0 0 0 0 0 0 0 0 0 0 0 0 0 0 0 0 0 0 0 0 0 0 0 0 0 0 0 0 0 0 0 0 0 0 0 0 0 0 0 0 0 0 0 0 0 0 0 0 0 0 0 0 0 0 0 0 0 0 0 0 0 0 0 0 0 0 0 0 0 0 0 0 0 0 0 0 0 0 0 0 0 0 0 0 0 0 0 0 0 0 0 0 0 0 0 0 0 0 0 0 0 0 0 0 0 0 0 0 0 0 0 0 0 0 0 0 0 0 0 0 0 0 0 0 0 0 0 0 0 0 0 0 0 0 0 0 0 0 0 0 0 0 0 0 0 0 0 0 0 0 0 0 0 0 0 0 0 0 0 0 0 0 0 0 0 0 0 0 0 0 0 0 0 0 0 0 0 0 0 0 0 0 0 0 0 0 0 0 0 0 0 0 0 0 0 0 0 0 0 0 0 0 0 0 0 0 0 0 0 0 0 0 0 0 0 0 0 0 0 0 0 0 0 0 0 0 0 0 0 0 0 0 0 0 0 0 0 0 0 0 0 0 0 0 0 0 0 0 0 0 0 0 0 0 0 0 0 0 0 0 0 0 0 0 0 0 0 0 0 0 0 0 0 0 0 0 0 0 0 0 0 0 0 0 0 0 0 0 0 0 0 0 0 0 0 0 0 0 0 0 0 0 0 0 0 0 0 0 0 0 0 0 0 0 0 0 0 0 0 0 0 0 0 0 0 0 0 0 0 0 0 0 0 0
11/06/2024 07:47:00 - INFO - utils_ner -   label_ids: -100 4 4 -100 -100 4 -100 4 4 4 4 -100 -100 4 2 3 -100 -100 4 4 4 4 4 4 4 4 4 4 4 4 4 -100 -100 -100 -100 4 -100 -100 -100 4 4 4 -100 -100 4 4 -100 -100 4 4 -100 4 4 4 -100 -100 4 -100 4 -100 -100 4 4 4 4 4 4 4 4 4 4 4 4 4 -100 -100 -100 -100 -100 4 -100 4 -100 -100 4 4 -100 -100 4 4 4 4 4 -100 -100 -100 -100 -100 -100 -100 -100 -100 -100 -100 -100 -100 -100 -100 -100 -100 -100 -100 -100 -100 -100 -100 -100 -100 -100 -100 -100 -100 -100 -100 -100 -100 -100 -100 -100 -100 -100 -100 -100 -100 -100 -100 -100 -100 -100 -100 -100 -100 -100 -100 -100 -100 -100 -100 -100 -100 -100 -100 -100 -100 -100 -100 -100 -100 -100 -100 -100 -100 -100 -100 -100 -100 -100 -100 -100 -100 -100 -100 -100 -100 -100 -100 -100 -100 -100 -100 -100 -100 -100 -100 -100 -100 -100 -100 -100 -100 -100 -100 -100 -100 -100 -100 -100 -100 -100 -100 -100 -100 -100 -100 -100 -100 -100 -100 -100 -100 -100 -100 -100 -100 -100 -100 -100 -100 -100 -100 -100 -100 -100 -100 -100 -100 -100 -100 -100 -100 -100 -100 -100 -100 -100 -100 -100 -100 -100 -100 -100 -100 -100 -100 -100 -100 -100 -100 -100 -100 -100 -100 -100 -100 -100 -100 -100 -100 -100 -100 -100 -100 -100 -100 -100 -100 -100 -100 -100 -100 -100 -100 -100 -100 -100 -100 -100 -100 -100 -100 -100 -100 -100 -100 -100 -100 -100 -100 -100 -100 -100 -100 -100 -100 -100 -100 -100 -100 -100 -100 -100 -100 -100 -100 -100 -100 -100 -100 -100 -100 -100 -100 -100 -100 -100 -100 -100 -100 -100 -100 -100 -100 -100 -100 -100 -100 -100 -100 -100 -100 -100 -100 -100 -100 -100 -100 -100 -100 -100 -100 -100 -100 -100 -100 -100 -100 -100 -100 -100 -100 -100 -100 -100 -100 -100 -100 -100 -100 -100 -100 -100 -100 -100 -100 -100 -100 -100 -100 -100 -100 -100 -100 -100 -100 -100 -100 -100 -100 -100 -100 -100 -100 -100 -100
11/06/2024 07:47:00 - INFO - utils_ner -   *** Example ***
11/06/2024 07:47:00 - INFO - utils_ner -   guid: devel-4
11/06/2024 07:47:00 - INFO - utils_ner -   tokens: [CLS] we believe therefore that it is reasonable to consider metabolic interventions targeting the meta ##bol ##i sm of lpc p - 15 : 0 , pc o - 34 : 5 , and pc 38 : 6 as a pa ll ##ia ##tive treatment for pa tie ##nts with e ##oc with as ##cite ##s . [SEP]
11/06/2024 07:47:00 - INFO - utils_ner -   input_ids: 101 1195 2059 3335 1115 1122 1110 9483 1106 4615 25158 22496 15141 1103 27154 15792 1182 29208 1104 29095 185 118 1405 131 121 117 29145 184 118 3236 131 126 117 1105 29145 3383 131 127 1112 170 29143 1325 1465 3946 3252 1111 29143 5069 5240 1114 174 13335 1114 1112 14375 1116 119 102 0 0 0 0 0 0 0 0 0 0 0 0 0 0 0 0 0 0 0 0 0 0 0 0 0 0 0 0 0 0 0 0 0 0 0 0 0 0 0 0 0 0 0 0 0 0 0 0 0 0 0 0 0 0 0 0 0 0 0 0 0 0 0 0 0 0 0 0 0 0 0 0 0 0 0 0 0 0 0 0 0 0 0 0 0 0 0 0 0 0 0 0 0 0 0 0 0 0 0 0 0 0 0 0 0 0 0 0 0 0 0 0 0 0 0 0 0 0 0 0 0 0 0 0 0 0 0 0 0 0 0 0 0 0 0 0 0 0 0 0 0 0 0 0 0 0 0 0 0 0 0 0 0 0 0 0 0 0 0 0 0 0 0 0 0 0 0 0 0 0 0 0 0 0 0 0 0 0 0 0 0 0 0 0 0 0 0 0 0 0 0 0 0 0 0 0 0 0 0 0 0 0 0 0 0 0 0 0 0 0 0 0 0 0 0 0 0 0 0 0 0 0 0 0 0 0 0 0 0 0 0 0 0 0 0 0 0 0 0 0 0 0 0 0 0 0 0 0 0 0 0 0 0 0 0 0 0 0 0 0 0 0 0 0 0 0 0 0 0 0 0 0 0 0 0 0 0 0 0 0 0 0 0 0 0 0 0 0 0 0 0 0 0 0 0 0 0 0 0 0 0 0 0 0 0 0 0 0 0 0 0 0 0 0 0 0 0 0 0 0 0 0 0 0 0 0
11/06/2024 07:47:00 - INFO - utils_ner -   input_mask: 1 1 1 1 1 1 1 1 1 1 1 1 1 1 1 1 1 1 1 1 1 1 1 1 1 1 1 1 1 1 1 1 1 1 1 1 1 1 1 1 1 1 1 1 1 1 1 1 1 1 1 1 1 1 1 1 1 1 0 0 0 0 0 0 0 0 0 0 0 0 0 0 0 0 0 0 0 0 0 0 0 0 0 0 0 0 0 0 0 0 0 0 0 0 0 0 0 0 0 0 0 0 0 0 0 0 0 0 0 0 0 0 0 0 0 0 0 0 0 0 0 0 0 0 0 0 0 0 0 0 0 0 0 0 0 0 0 0 0 0 0 0 0 0 0 0 0 0 0 0 0 0 0 0 0 0 0 0 0 0 0 0 0 0 0 0 0 0 0 0 0 0 0 0 0 0 0 0 0 0 0 0 0 0 0 0 0 0 0 0 0 0 0 0 0 0 0 0 0 0 0 0 0 0 0 0 0 0 0 0 0 0 0 0 0 0 0 0 0 0 0 0 0 0 0 0 0 0 0 0 0 0 0 0 0 0 0 0 0 0 0 0 0 0 0 0 0 0 0 0 0 0 0 0 0 0 0 0 0 0 0 0 0 0 0 0 0 0 0 0 0 0 0 0 0 0 0 0 0 0 0 0 0 0 0 0 0 0 0 0 0 0 0 0 0 0 0 0 0 0 0 0 0 0 0 0 0 0 0 0 0 0 0 0 0 0 0 0 0 0 0 0 0 0 0 0 0 0 0 0 0 0 0 0 0 0 0 0 0 0 0 0 0 0 0 0 0 0 0 0 0 0 0 0 0 0 0 0 0 0 0 0 0 0 0 0 0 0 0 0 0 0 0 0 0 0 0 0 0 0 0 0 0 0
11/06/2024 07:47:00 - INFO - utils_ner -   segment_ids: 0 0 0 0 0 0 0 0 0 0 0 0 0 0 0 0 0 0 0 0 0 0 0 0 0 0 0 0 0 0 0 0 0 0 0 0 0 0 0 0 0 0 0 0 0 0 0 0 0 0 0 0 0 0 0 0 0 0 0 0 0 0 0 0 0 0 0 0 0 0 0 0 0 0 0 0 0 0 0 0 0 0 0 0 0 0 0 0 0 0 0 0 0 0 0 0 0 0 0 0 0 0 0 0 0 0 0 0 0 0 0 0 0 0 0 0 0 0 0 0 0 0 0 0 0 0 0 0 0 0 0 0 0 0 0 0 0 0 0 0 0 0 0 0 0 0 0 0 0 0 0 0 0 0 0 0 0 0 0 0 0 0 0 0 0 0 0 0 0 0 0 0 0 0 0 0 0 0 0 0 0 0 0 0 0 0 0 0 0 0 0 0 0 0 0 0 0 0 0 0 0 0 0 0 0 0 0 0 0 0 0 0 0 0 0 0 0 0 0 0 0 0 0 0 0 0 0 0 0 0 0 0 0 0 0 0 0 0 0 0 0 0 0 0 0 0 0 0 0 0 0 0 0 0 0 0 0 0 0 0 0 0 0 0 0 0 0 0 0 0 0 0 0 0 0 0 0 0 0 0 0 0 0 0 0 0 0 0 0 0 0 0 0 0 0 0 0 0 0 0 0 0 0 0 0 0 0 0 0 0 0 0 0 0 0 0 0 0 0 0 0 0 0 0 0 0 0 0 0 0 0 0 0 0 0 0 0 0 0 0 0 0 0 0 0 0 0 0 0 0 0 0 0 0 0 0 0 0 0 0 0 0 0 0 0 0 0 0 0 0 0 0 0 0 0 0 0 0 0 0 0 0 0 0
11/06/2024 07:47:00 - INFO - utils_ner -   label_ids: -100 4 4 4 4 4 4 4 4 4 4 4 4 4 4 -100 -100 -100 4 2 3 -100 -100 -100 -100 -100 2 3 -100 -100 -100 -100 -100 4 2 3 -100 -100 4 4 4 -100 -100 -100 4 4 4 -100 -100 4 4 -100 4 4 -100 -100 -100 -100 -100 -100 -100 -100 -100 -100 -100 -100 -100 -100 -100 -100 -100 -100 -100 -100 -100 -100 -100 -100 -100 -100 -100 -100 -100 -100 -100 -100 -100 -100 -100 -100 -100 -100 -100 -100 -100 -100 -100 -100 -100 -100 -100 -100 -100 -100 -100 -100 -100 -100 -100 -100 -100 -100 -100 -100 -100 -100 -100 -100 -100 -100 -100 -100 -100 -100 -100 -100 -100 -100 -100 -100 -100 -100 -100 -100 -100 -100 -100 -100 -100 -100 -100 -100 -100 -100 -100 -100 -100 -100 -100 -100 -100 -100 -100 -100 -100 -100 -100 -100 -100 -100 -100 -100 -100 -100 -100 -100 -100 -100 -100 -100 -100 -100 -100 -100 -100 -100 -100 -100 -100 -100 -100 -100 -100 -100 -100 -100 -100 -100 -100 -100 -100 -100 -100 -100 -100 -100 -100 -100 -100 -100 -100 -100 -100 -100 -100 -100 -100 -100 -100 -100 -100 -100 -100 -100 -100 -100 -100 -100 -100 -100 -100 -100 -100 -100 -100 -100 -100 -100 -100 -100 -100 -100 -100 -100 -100 -100 -100 -100 -100 -100 -100 -100 -100 -100 -100 -100 -100 -100 -100 -100 -100 -100 -100 -100 -100 -100 -100 -100 -100 -100 -100 -100 -100 -100 -100 -100 -100 -100 -100 -100 -100 -100 -100 -100 -100 -100 -100 -100 -100 -100 -100 -100 -100 -100 -100 -100 -100 -100 -100 -100 -100 -100 -100 -100 -100 -100 -100 -100 -100 -100 -100 -100 -100 -100 -100 -100 -100 -100 -100 -100 -100 -100 -100 -100 -100 -100 -100 -100 -100 -100 -100 -100 -100 -100 -100 -100 -100 -100 -100 -100 -100 -100 -100 -100 -100 -100 -100 -100 -100 -100 -100 -100 -100 -100 -100 -100 -100 -100 -100 -100 -100 -100 -100 -100 -100 -100 -100 -100 -100 -100 -100 -100 -100 -100 -100 -100 -100 -100 -100 -100 -100 -100 -100 -100 -100 -100 -100 -100 -100 -100 -100 -100 -100 -100
11/06/2024 07:47:00 - INFO - utils_ner -   *** Example ***
11/06/2024 07:47:00 - INFO - utils_ner -   guid: devel-5
11/06/2024 07:47:00 - INFO - utils_ner -   tokens: [CLS] c ##y ##p mon ##oo ##xy ##gen ##ases are expressed in the re ##nal v ##as ##cula ##ture and ne ##ph ##ron , generating primarily fa 20 : 4 ; 20 ##oh ( 20 - he ##te ) by ω - and ω - 1 h ##ydro ##xy ##lase ##s and 5 , 6 - , 8 , 9 - , 11 , 12 - , and 14 , 15 - e ##pox ##ye ##ico ##sat ##rien ##oi ##c acids ( e ##ets ) by e ##pox ##y ##gen ##ases . [SEP]
11/06/2024 07:47:00 - INFO - utils_ner -   input_ids: 101 172 1183 1643 19863 5658 16844 4915 23105 1132 4448 1107 1103 1231 7050 191 2225 21608 5332 1105 24928 7880 3484 117 12713 3120 29077 1406 131 125 132 1406 10559 113 1406 118 1119 1566 114 1118 442 118 1105 442 118 122 177 19694 16844 26572 1116 1105 126 117 127 118 117 129 117 130 118 117 1429 117 1367 118 117 1105 1489 117 1405 118 174 26466 4980 10658 28027 22500 8136 1665 13087 113 174 6248 114 1118 174 26466 1183 4915 23105 119 102 0 0 0 0 0 0 0 0 0 0 0 0 0 0 0 0 0 0 0 0 0 0 0 0 0 0 0 0 0 0 0 0 0 0 0 0 0 0 0 0 0 0 0 0 0 0 0 0 0 0 0 0 0 0 0 0 0 0 0 0 0 0 0 0 0 0 0 0 0 0 0 0 0 0 0 0 0 0 0 0 0 0 0 0 0 0 0 0 0 0 0 0 0 0 0 0 0 0 0 0 0 0 0 0 0 0 0 0 0 0 0 0 0 0 0 0 0 0 0 0 0 0 0 0 0 0 0 0 0 0 0 0 0 0 0 0 0 0 0 0 0 0 0 0 0 0 0 0 0 0 0 0 0 0 0 0 0 0 0 0 0 0 0 0 0 0 0 0 0 0 0 0 0 0 0 0 0 0 0 0 0 0 0 0 0 0 0 0 0 0 0 0 0 0 0 0 0 0 0 0 0 0 0 0 0 0 0 0 0 0 0 0 0 0 0 0 0 0 0 0 0 0 0 0 0 0 0 0 0 0 0 0 0 0 0 0 0 0 0 0 0 0 0 0 0 0 0 0 0 0 0 0 0 0 0 0 0 0 0 0 0 0 0 0 0 0 0 0 0 0 0 0 0 0 0 0 0 0 0 0 0 0 0 0 0 0 0 0 0 0 0
11/06/2024 07:47:00 - INFO - utils_ner -   input_mask: 1 1 1 1 1 1 1 1 1 1 1 1 1 1 1 1 1 1 1 1 1 1 1 1 1 1 1 1 1 1 1 1 1 1 1 1 1 1 1 1 1 1 1 1 1 1 1 1 1 1 1 1 1 1 1 1 1 1 1 1 1 1 1 1 1 1 1 1 1 1 1 1 1 1 1 1 1 1 1 1 1 1 1 1 1 1 1 1 1 1 1 1 1 0 0 0 0 0 0 0 0 0 0 0 0 0 0 0 0 0 0 0 0 0 0 0 0 0 0 0 0 0 0 0 0 0 0 0 0 0 0 0 0 0 0 0 0 0 0 0 0 0 0 0 0 0 0 0 0 0 0 0 0 0 0 0 0 0 0 0 0 0 0 0 0 0 0 0 0 0 0 0 0 0 0 0 0 0 0 0 0 0 0 0 0 0 0 0 0 0 0 0 0 0 0 0 0 0 0 0 0 0 0 0 0 0 0 0 0 0 0 0 0 0 0 0 0 0 0 0 0 0 0 0 0 0 0 0 0 0 0 0 0 0 0 0 0 0 0 0 0 0 0 0 0 0 0 0 0 0 0 0 0 0 0 0 0 0 0 0 0 0 0 0 0 0 0 0 0 0 0 0 0 0 0 0 0 0 0 0 0 0 0 0 0 0 0 0 0 0 0 0 0 0 0 0 0 0 0 0 0 0 0 0 0 0 0 0 0 0 0 0 0 0 0 0 0 0 0 0 0 0 0 0 0 0 0 0 0 0 0 0 0 0 0 0 0 0 0 0 0 0 0 0 0 0 0 0 0 0 0 0 0 0 0 0 0 0 0 0 0 0 0 0 0 0 0 0 0 0 0 0 0 0 0 0 0 0 0 0 0 0 0 0
11/06/2024 07:47:00 - INFO - utils_ner -   segment_ids: 0 0 0 0 0 0 0 0 0 0 0 0 0 0 0 0 0 0 0 0 0 0 0 0 0 0 0 0 0 0 0 0 0 0 0 0 0 0 0 0 0 0 0 0 0 0 0 0 0 0 0 0 0 0 0 0 0 0 0 0 0 0 0 0 0 0 0 0 0 0 0 0 0 0 0 0 0 0 0 0 0 0 0 0 0 0 0 0 0 0 0 0 0 0 0 0 0 0 0 0 0 0 0 0 0 0 0 0 0 0 0 0 0 0 0 0 0 0 0 0 0 0 0 0 0 0 0 0 0 0 0 0 0 0 0 0 0 0 0 0 0 0 0 0 0 0 0 0 0 0 0 0 0 0 0 0 0 0 0 0 0 0 0 0 0 0 0 0 0 0 0 0 0 0 0 0 0 0 0 0 0 0 0 0 0 0 0 0 0 0 0 0 0 0 0 0 0 0 0 0 0 0 0 0 0 0 0 0 0 0 0 0 0 0 0 0 0 0 0 0 0 0 0 0 0 0 0 0 0 0 0 0 0 0 0 0 0 0 0 0 0 0 0 0 0 0 0 0 0 0 0 0 0 0 0 0 0 0 0 0 0 0 0 0 0 0 0 0 0 0 0 0 0 0 0 0 0 0 0 0 0 0 0 0 0 0 0 0 0 0 0 0 0 0 0 0 0 0 0 0 0 0 0 0 0 0 0 0 0 0 0 0 0 0 0 0 0 0 0 0 0 0 0 0 0 0 0 0 0 0 0 0 0 0 0 0 0 0 0 0 0 0 0 0 0 0 0 0 0 0 0 0 0 0 0 0 0 0 0 0 0 0 0 0 0 0 0 0 0 0 0 0 0 0 0 0 0 0 0 0 0 0 0 0
11/06/2024 07:47:00 - INFO - utils_ner -   label_ids: -100 4 -100 -100 4 -100 -100 -100 -100 4 4 4 4 4 -100 4 -100 -100 -100 4 4 -100 -100 -100 4 4 2 3 -100 -100 -100 -100 -100 4 -100 -100 -100 -100 -100 4 4 4 4 4 4 -100 4 -100 -100 -100 -100 4 4 -100 -100 -100 -100 4 -100 -100 -100 -100 4 -100 -100 -100 -100 4 4 -100 -100 -100 -100 -100 -100 -100 -100 -100 -100 -100 4 4 -100 -100 -100 4 4 -100 -100 -100 -100 -100 -100 -100 -100 -100 -100 -100 -100 -100 -100 -100 -100 -100 -100 -100 -100 -100 -100 -100 -100 -100 -100 -100 -100 -100 -100 -100 -100 -100 -100 -100 -100 -100 -100 -100 -100 -100 -100 -100 -100 -100 -100 -100 -100 -100 -100 -100 -100 -100 -100 -100 -100 -100 -100 -100 -100 -100 -100 -100 -100 -100 -100 -100 -100 -100 -100 -100 -100 -100 -100 -100 -100 -100 -100 -100 -100 -100 -100 -100 -100 -100 -100 -100 -100 -100 -100 -100 -100 -100 -100 -100 -100 -100 -100 -100 -100 -100 -100 -100 -100 -100 -100 -100 -100 -100 -100 -100 -100 -100 -100 -100 -100 -100 -100 -100 -100 -100 -100 -100 -100 -100 -100 -100 -100 -100 -100 -100 -100 -100 -100 -100 -100 -100 -100 -100 -100 -100 -100 -100 -100 -100 -100 -100 -100 -100 -100 -100 -100 -100 -100 -100 -100 -100 -100 -100 -100 -100 -100 -100 -100 -100 -100 -100 -100 -100 -100 -100 -100 -100 -100 -100 -100 -100 -100 -100 -100 -100 -100 -100 -100 -100 -100 -100 -100 -100 -100 -100 -100 -100 -100 -100 -100 -100 -100 -100 -100 -100 -100 -100 -100 -100 -100 -100 -100 -100 -100 -100 -100 -100 -100 -100 -100 -100 -100 -100 -100 -100 -100 -100 -100 -100 -100 -100 -100 -100 -100 -100 -100 -100 -100 -100 -100 -100 -100 -100 -100 -100 -100 -100 -100 -100 -100 -100 -100 -100 -100 -100 -100 -100 -100 -100 -100 -100 -100 -100 -100 -100 -100 -100 -100 -100 -100 -100 -100 -100 -100 -100 -100 -100 -100 -100 -100 -100 -100 -100 -100 -100 -100 -100 -100 -100 -100 -100 -100 -100 -100 -100 -100 -100 -100 -100 -100 -100
11/06/2024 07:47:01 - INFO - utils_ner -   Saving features into cached file /home/data/t200404/bioinfo/P_subject/NLP/biobert/datasets/for_train/datasets_from_download/NER/lipid/2_LipidCorpus_Normalized.Name_BIO_2/cached_devel_BertTokenizer_max_seq_length_384
/home/data/t200404/software/anaconda3/envs/python3_11_gpu/lib/python3.11/site-packages/accelerate/accelerator.py:446: FutureWarning: Passing the following arguments to `Accelerator` is deprecated and will be removed in version 1.0 of Accelerate: dict_keys(['dispatch_batches']). Please pass an `accelerate.DataLoaderConfiguration` instead: 
dataloader_config = DataLoaderConfiguration(dispatch_batches=None)
  warnings.warn(
/home/data/t200404/software/anaconda3/envs/python3_11_gpu/lib/python3.11/site-packages/transformers/trainer.py:1498: FutureWarning: `model_path` is deprecated and will be removed in a future version. Use `resume_from_checkpoint` instead.
  warnings.warn(
1
  0%|          | 0/1140 [00:00<?, ?it/s]  0%|          | 1/1140 [00:06<2:07:17,  6.71s/it]  0%|          | 2/1140 [00:10<1:38:40,  5.20s/it]  0%|          | 3/1140 [00:15<1:30:10,  4.76s/it]  0%|          | 4/1140 [00:19<1:26:49,  4.59s/it]  0%|          | 5/1140 [00:23<1:25:34,  4.52s/it]  1%|          | 6/1140 [00:28<1:24:19,  4.46s/it]  1%|          | 7/1140 [00:32<1:23:31,  4.42s/it]  1%|          | 8/1140 [00:36<1:23:36,  4.43s/it]  1%|          | 9/1140 [00:41<1:23:29,  4.43s/it]  1%|          | 10/1140 [00:45<1:23:24,  4.43s/it]  1%|          | 11/1140 [00:50<1:23:35,  4.44s/it]  1%|          | 12/1140 [00:54<1:23:32,  4.44s/it]  1%|          | 13/1140 [00:59<1:23:31,  4.45s/it]  1%|          | 14/1140 [01:03<1:23:21,  4.44s/it]  1%|▏         | 15/1140 [01:08<1:23:16,  4.44s/it]  1%|▏         | 16/1140 [01:12<1:23:15,  4.44s/it]  1%|▏         | 17/1140 [01:16<1:23:18,  4.45s/it]  2%|▏         | 18/1140 [01:21<1:23:01,  4.44s/it]  2%|▏         | 19/1140 [01:25<1:22:38,  4.42s/it]  2%|▏         | 20/1140 [01:30<1:23:11,  4.46s/it]  2%|▏         | 21/1140 [01:34<1:22:52,  4.44s/it]  2%|▏         | 22/1140 [01:39<1:22:51,  4.45s/it]  2%|▏         | 23/1140 [01:43<1:22:45,  4.44s/it]  2%|▏         | 24/1140 [01:48<1:22:23,  4.43s/it]  2%|▏         | 25/1140 [01:52<1:22:22,  4.43s/it]  2%|▏         | 26/1140 [01:56<1:22:28,  4.44s/it]  2%|▏         | 27/1140 [02:01<1:22:29,  4.45s/it]  2%|▏         | 28/1140 [02:05<1:22:06,  4.43s/it]  3%|▎         | 29/1140 [02:10<1:21:58,  4.43s/it]  3%|▎         | 30/1140 [02:14<1:21:44,  4.42s/it]  3%|▎         | 31/1140 [02:18<1:21:29,  4.41s/it]  3%|▎         | 32/1140 [02:23<1:22:09,  4.45s/it]  3%|▎         | 33/1140 [02:27<1:22:15,  4.46s/it]  3%|▎         | 34/1140 [02:32<1:22:14,  4.46s/it]  3%|▎         | 35/1140 [02:36<1:22:02,  4.46s/it]  3%|▎         | 36/1140 [02:41<1:22:00,  4.46s/it]  3%|▎         | 37/1140 [02:45<1:21:52,  4.45s/it]  3%|▎         | 38/1140 [02:49<1:19:26,  4.33s/it]  3%|▎         | 39/1140 [02:54<1:19:58,  4.36s/it]  4%|▎         | 40/1140 [02:58<1:20:20,  4.38s/it]  4%|▎         | 41/1140 [03:03<1:20:12,  4.38s/it]  4%|▎         | 42/1140 [03:07<1:20:32,  4.40s/it]  4%|▍         | 43/1140 [03:11<1:20:44,  4.42s/it]  4%|▍         | 44/1140 [03:16<1:20:57,  4.43s/it]  4%|▍         | 45/1140 [03:20<1:20:50,  4.43s/it]  4%|▍         | 46/1140 [03:25<1:20:32,  4.42s/it]  4%|▍         | 47/1140 [03:29<1:20:53,  4.44s/it]  4%|▍         | 48/1140 [03:34<1:20:29,  4.42s/it]  4%|▍         | 49/1140 [03:38<1:21:00,  4.46s/it]  4%|▍         | 50/1140 [03:43<1:21:18,  4.48s/it]  4%|▍         | 51/1140 [03:47<1:21:17,  4.48s/it]  5%|▍         | 52/1140 [03:52<1:20:45,  4.45s/it]  5%|▍         | 53/1140 [03:56<1:20:35,  4.45s/it]  5%|▍         | 54/1140 [04:00<1:20:41,  4.46s/it]  5%|▍         | 55/1140 [04:05<1:20:25,  4.45s/it]  5%|▍         | 56/1140 [04:09<1:20:28,  4.45s/it]  5%|▌         | 57/1140 [04:14<1:20:30,  4.46s/it]  5%|▌         | 58/1140 [04:18<1:20:26,  4.46s/it]  5%|▌         | 59/1140 [04:23<1:20:24,  4.46s/it]  5%|▌         | 60/1140 [04:27<1:20:39,  4.48s/it]  5%|▌         | 61/1140 [04:32<1:20:17,  4.46s/it]  5%|▌         | 62/1140 [04:36<1:20:31,  4.48s/it]  6%|▌         | 63/1140 [04:41<1:20:36,  4.49s/it]  6%|▌         | 64/1140 [04:45<1:20:45,  4.50s/it]  6%|▌         | 65/1140 [04:50<1:20:35,  4.50s/it]  6%|▌         | 66/1140 [04:54<1:20:44,  4.51s/it]  6%|▌         | 67/1140 [04:59<1:20:16,  4.49s/it]  6%|▌         | 68/1140 [05:03<1:20:10,  4.49s/it]  6%|▌         | 69/1140 [05:08<1:19:55,  4.48s/it]  6%|▌         | 70/1140 [05:12<1:19:48,  4.48s/it]  6%|▌         | 71/1140 [05:17<1:19:19,  4.45s/it]  6%|▋         | 72/1140 [05:21<1:19:31,  4.47s/it]  6%|▋         | 73/1140 [05:26<1:19:38,  4.48s/it]  6%|▋         | 74/1140 [05:30<1:19:46,  4.49s/it]  7%|▋         | 75/1140 [05:35<1:19:56,  4.50s/it]  7%|▋         | 76/1140 [05:39<1:17:53,  4.39s/it]  7%|▋         | 77/1140 [05:43<1:18:27,  4.43s/it]  7%|▋         | 78/1140 [05:48<1:18:55,  4.46s/it]  7%|▋         | 79/1140 [05:52<1:18:37,  4.45s/it]  7%|▋         | 80/1140 [05:57<1:18:24,  4.44s/it]  7%|▋         | 81/1140 [06:01<1:18:54,  4.47s/it]  7%|▋         | 82/1140 [06:06<1:18:43,  4.46s/it]  7%|▋         | 83/1140 [06:10<1:18:19,  4.45s/it]  7%|▋         | 84/1140 [06:14<1:18:18,  4.45s/it]  7%|▋         | 85/1140 [06:19<1:18:34,  4.47s/it]  8%|▊         | 86/1140 [06:24<1:18:37,  4.48s/it]  8%|▊         | 87/1140 [06:28<1:18:31,  4.47s/it]  8%|▊         | 88/1140 [06:32<1:18:41,  4.49s/it]  8%|▊         | 89/1140 [06:37<1:18:25,  4.48s/it]  8%|▊         | 90/1140 [06:41<1:17:54,  4.45s/it]  8%|▊         | 91/1140 [06:46<1:17:31,  4.43s/it]  8%|▊         | 92/1140 [06:50<1:17:23,  4.43s/it]  8%|▊         | 93/1140 [06:55<1:17:34,  4.45s/it]  8%|▊         | 94/1140 [06:59<1:18:00,  4.47s/it]  8%|▊         | 95/1140 [07:04<1:18:32,  4.51s/it]  8%|▊         | 96/1140 [07:08<1:17:54,  4.48s/it]  9%|▊         | 97/1140 [07:13<1:18:09,  4.50s/it]  9%|▊         | 98/1140 [07:17<1:18:11,  4.50s/it]  9%|▊         | 99/1140 [07:22<1:17:42,  4.48s/it]  9%|▉         | 100/1140 [07:26<1:17:36,  4.48s/it]  9%|▉         | 101/1140 [07:31<1:17:14,  4.46s/it]  9%|▉         | 102/1140 [07:35<1:17:23,  4.47s/it]  9%|▉         | 103/1140 [07:40<1:17:35,  4.49s/it]  9%|▉         | 104/1140 [07:44<1:17:38,  4.50s/it]  9%|▉         | 105/1140 [07:49<1:17:35,  4.50s/it]  9%|▉         | 106/1140 [07:53<1:17:15,  4.48s/it]  9%|▉         | 107/1140 [07:57<1:16:58,  4.47s/it]  9%|▉         | 108/1140 [08:02<1:17:04,  4.48s/it] 10%|▉         | 109/1140 [08:06<1:16:52,  4.47s/it] 10%|▉         | 110/1140 [08:11<1:16:44,  4.47s/it] 10%|▉         | 111/1140 [08:15<1:16:43,  4.47s/it] 10%|▉         | 112/1140 [08:20<1:16:53,  4.49s/it] 10%|▉         | 113/1140 [08:24<1:16:18,  4.46s/it] 10%|█         | 114/1140 [08:28<1:13:45,  4.31s/it] 10%|█         | 115/1140 [08:33<1:14:29,  4.36s/it] 10%|█         | 116/1140 [08:37<1:14:56,  4.39s/it] 10%|█         | 117/1140 [08:42<1:15:20,  4.42s/it] 10%|█         | 118/1140 [08:46<1:15:18,  4.42s/it] 10%|█         | 119/1140 [08:51<1:15:59,  4.47s/it] 11%|█         | 120/1140 [08:55<1:15:56,  4.47s/it] 11%|█         | 121/1140 [09:00<1:15:55,  4.47s/it] 11%|█         | 122/1140 [09:04<1:16:06,  4.49s/it] 11%|█         | 123/1140 [09:09<1:15:38,  4.46s/it] 11%|█         | 124/1140 [09:13<1:15:57,  4.49s/it] 11%|█         | 125/1140 [09:18<1:15:36,  4.47s/it] 11%|█         | 126/1140 [09:22<1:15:44,  4.48s/it] 11%|█         | 127/1140 [09:26<1:15:26,  4.47s/it] 11%|█         | 128/1140 [09:31<1:15:24,  4.47s/it] 11%|█▏        | 129/1140 [09:35<1:15:29,  4.48s/it] 11%|█▏        | 130/1140 [09:40<1:15:25,  4.48s/it] 11%|█▏        | 131/1140 [09:44<1:15:06,  4.47s/it] 12%|█▏        | 132/1140 [09:49<1:15:13,  4.48s/it] 12%|█▏        | 133/1140 [09:53<1:15:21,  4.49s/it] 12%|█▏        | 134/1140 [09:58<1:15:00,  4.47s/it] 12%|█▏        | 135/1140 [10:02<1:15:39,  4.52s/it] 12%|█▏        | 136/1140 [10:07<1:15:23,  4.51s/it] 12%|█▏        | 137/1140 [10:11<1:14:52,  4.48s/it] 12%|█▏        | 138/1140 [10:16<1:14:31,  4.46s/it] 12%|█▏        | 139/1140 [10:20<1:14:14,  4.45s/it] 12%|█▏        | 140/1140 [10:25<1:14:07,  4.45s/it] 12%|█▏        | 141/1140 [10:29<1:14:04,  4.45s/it] 12%|█▏        | 142/1140 [10:34<1:14:24,  4.47s/it] 13%|█▎        | 143/1140 [10:38<1:14:02,  4.46s/it] 13%|█▎        | 144/1140 [10:43<1:14:14,  4.47s/it] 13%|█▎        | 145/1140 [10:47<1:13:58,  4.46s/it] 13%|█▎        | 146/1140 [10:51<1:13:34,  4.44s/it] 13%|█▎        | 147/1140 [10:56<1:13:33,  4.45s/it] 13%|█▎        | 148/1140 [11:00<1:13:44,  4.46s/it] 13%|█▎        | 149/1140 [11:05<1:13:54,  4.48s/it] 13%|█▎        | 150/1140 [11:09<1:14:01,  4.49s/it] 13%|█▎        | 151/1140 [11:14<1:14:05,  4.50s/it] 13%|█▎        | 152/1140 [11:18<1:11:39,  4.35s/it] 13%|█▎        | 153/1140 [11:22<1:12:21,  4.40s/it] 14%|█▎        | 154/1140 [11:27<1:13:09,  4.45s/it] 14%|█▎        | 155/1140 [11:31<1:13:07,  4.45s/it] 14%|█▎        | 156/1140 [11:36<1:13:39,  4.49s/it] 14%|█▍        | 157/1140 [11:41<1:13:55,  4.51s/it] 14%|█▍        | 158/1140 [11:45<1:14:04,  4.53s/it] 14%|█▍        | 159/1140 [11:50<1:13:33,  4.50s/it] 14%|█▍        | 160/1140 [11:54<1:13:09,  4.48s/it] 14%|█▍        | 161/1140 [11:58<1:12:35,  4.45s/it] 14%|█▍        | 162/1140 [12:03<1:12:24,  4.44s/it] 14%|█▍        | 163/1140 [12:07<1:13:13,  4.50s/it] 14%|█▍        | 164/1140 [12:12<1:12:57,  4.48s/it] 14%|█▍        | 165/1140 [12:16<1:12:54,  4.49s/it] 15%|█▍        | 166/1140 [12:21<1:13:19,  4.52s/it] 15%|█▍        | 167/1140 [12:25<1:13:12,  4.51s/it] 15%|█▍        | 168/1140 [12:30<1:13:33,  4.54s/it] 15%|█▍        | 169/1140 [12:34<1:12:48,  4.50s/it] 15%|█▍        | 170/1140 [12:39<1:12:18,  4.47s/it] 15%|█▌        | 171/1140 [12:43<1:11:38,  4.44s/it] 15%|█▌        | 172/1140 [12:48<1:11:26,  4.43s/it] 15%|█▌        | 173/1140 [12:52<1:11:08,  4.41s/it] 15%|█▌        | 174/1140 [12:56<1:10:53,  4.40s/it] 15%|█▌        | 175/1140 [13:01<1:10:26,  4.38s/it] 15%|█▌        | 176/1140 [13:05<1:10:24,  4.38s/it] 16%|█▌        | 177/1140 [13:09<1:10:08,  4.37s/it] 16%|█▌        | 178/1140 [13:14<1:09:59,  4.37s/it] 16%|█▌        | 179/1140 [13:18<1:09:43,  4.35s/it] 16%|█▌        | 180/1140 [13:22<1:09:31,  4.34s/it] 16%|█▌        | 181/1140 [13:27<1:09:43,  4.36s/it] 16%|█▌        | 182/1140 [13:31<1:09:19,  4.34s/it] 16%|█▌        | 183/1140 [13:35<1:09:13,  4.34s/it] 16%|█▌        | 184/1140 [13:40<1:09:06,  4.34s/it] 16%|█▌        | 185/1140 [13:44<1:09:10,  4.35s/it] 16%|█▋        | 186/1140 [13:49<1:09:29,  4.37s/it] 16%|█▋        | 187/1140 [13:53<1:09:40,  4.39s/it] 16%|█▋        | 188/1140 [13:57<1:09:53,  4.40s/it] 17%|█▋        | 189/1140 [14:02<1:09:22,  4.38s/it] 17%|█▋        | 190/1140 [14:06<1:07:34,  4.27s/it] 17%|█▋        | 191/1140 [14:10<1:07:42,  4.28s/it] 17%|█▋        | 192/1140 [14:15<1:08:10,  4.31s/it] 17%|█▋        | 193/1140 [14:19<1:08:56,  4.37s/it] 17%|█▋        | 194/1140 [14:23<1:08:37,  4.35s/it] 17%|█▋        | 195/1140 [14:28<1:09:08,  4.39s/it] 17%|█▋        | 196/1140 [14:32<1:08:50,  4.38s/it] 17%|█▋        | 197/1140 [14:37<1:08:45,  4.38s/it] 17%|█▋        | 198/1140 [14:41<1:08:25,  4.36s/it] 17%|█▋        | 199/1140 [14:45<1:08:26,  4.36s/it] 18%|█▊        | 200/1140 [14:50<1:08:07,  4.35s/it] 18%|█▊        | 201/1140 [14:54<1:08:15,  4.36s/it] 18%|█▊        | 202/1140 [14:58<1:07:59,  4.35s/it] 18%|█▊        | 203/1140 [15:03<1:07:40,  4.33s/it] 18%|█▊        | 204/1140 [15:07<1:07:32,  4.33s/it] 18%|█▊        | 205/1140 [15:11<1:07:44,  4.35s/it] 18%|█▊        | 206/1140 [15:16<1:07:40,  4.35s/it] 18%|█▊        | 207/1140 [15:20<1:08:06,  4.38s/it] 18%|█▊        | 208/1140 [15:24<1:08:01,  4.38s/it] 18%|█▊        | 209/1140 [15:29<1:07:28,  4.35s/it] 18%|█▊        | 210/1140 [15:33<1:07:23,  4.35s/it] 19%|█▊        | 211/1140 [15:37<1:07:37,  4.37s/it] 19%|█▊        | 212/1140 [15:42<1:08:00,  4.40s/it] 19%|█▊        | 213/1140 [15:46<1:07:52,  4.39s/it] 19%|█▉        | 214/1140 [15:51<1:07:32,  4.38s/it] 19%|█▉        | 215/1140 [15:55<1:07:30,  4.38s/it] 19%|█▉        | 216/1140 [15:59<1:07:01,  4.35s/it] 19%|█▉        | 217/1140 [16:04<1:06:52,  4.35s/it] 19%|█▉        | 218/1140 [16:08<1:06:48,  4.35s/it] 19%|█▉        | 219/1140 [16:12<1:06:33,  4.34s/it] 19%|█▉        | 220/1140 [16:17<1:06:13,  4.32s/it] 19%|█▉        | 221/1140 [16:21<1:06:03,  4.31s/it] 19%|█▉        | 222/1140 [16:25<1:06:18,  4.33s/it] 20%|█▉        | 223/1140 [16:30<1:06:00,  4.32s/it] 20%|█▉        | 224/1140 [16:34<1:06:01,  4.32s/it] 20%|█▉        | 225/1140 [16:38<1:05:46,  4.31s/it] 20%|█▉        | 226/1140 [16:43<1:05:44,  4.32s/it] 20%|█▉        | 227/1140 [16:47<1:05:33,  4.31s/it] 20%|██        | 228/1140 [16:51<1:03:25,  4.17s/it] 20%|██        | 229/1140 [16:55<1:03:53,  4.21s/it] 20%|██        | 230/1140 [16:59<1:04:15,  4.24s/it] 20%|██        | 231/1140 [17:04<1:04:44,  4.27s/it] 20%|██        | 232/1140 [17:08<1:05:04,  4.30s/it] 20%|██        | 233/1140 [17:12<1:05:21,  4.32s/it] 21%|██        | 234/1140 [17:17<1:05:36,  4.35s/it] 21%|██        | 235/1140 [17:21<1:05:26,  4.34s/it] 21%|██        | 236/1140 [17:25<1:05:37,  4.36s/it] 21%|██        | 237/1140 [17:30<1:05:26,  4.35s/it] 21%|██        | 238/1140 [17:34<1:05:07,  4.33s/it] 21%|██        | 239/1140 [17:38<1:05:07,  4.34s/it] 21%|██        | 240/1140 [17:43<1:04:47,  4.32s/it] 21%|██        | 241/1140 [17:47<1:04:38,  4.31s/it] 21%|██        | 242/1140 [17:51<1:04:25,  4.30s/it] 21%|██▏       | 243/1140 [17:56<1:04:35,  4.32s/it] 21%|██▏       | 244/1140 [18:00<1:04:21,  4.31s/it] 21%|██▏       | 245/1140 [18:04<1:04:26,  4.32s/it] 22%|██▏       | 246/1140 [18:09<1:04:29,  4.33s/it] 22%|██▏       | 247/1140 [18:13<1:04:34,  4.34s/it] 22%|██▏       | 248/1140 [18:17<1:04:31,  4.34s/it] 22%|██▏       | 249/1140 [18:22<1:04:14,  4.33s/it] 22%|██▏       | 250/1140 [18:26<1:04:25,  4.34s/it] 22%|██▏       | 251/1140 [18:30<1:04:16,  4.34s/it] 22%|██▏       | 252/1140 [18:35<1:04:27,  4.36s/it] 22%|██▏       | 253/1140 [18:39<1:04:53,  4.39s/it] 22%|██▏       | 254/1140 [18:44<1:04:22,  4.36s/it] 22%|██▏       | 255/1140 [18:48<1:03:56,  4.33s/it] 22%|██▏       | 256/1140 [18:52<1:03:58,  4.34s/it] 23%|██▎       | 257/1140 [18:56<1:03:43,  4.33s/it] 23%|██▎       | 258/1140 [19:01<1:03:28,  4.32s/it] 23%|██▎       | 259/1140 [19:05<1:03:18,  4.31s/it] 23%|██▎       | 260/1140 [19:09<1:03:09,  4.31s/it] 23%|██▎       | 261/1140 [19:14<1:03:05,  4.31s/it] 23%|██▎       | 262/1140 [19:18<1:03:12,  4.32s/it] 23%|██▎       | 263/1140 [19:22<1:02:59,  4.31s/it] 23%|██▎       | 264/1140 [19:27<1:02:50,  4.30s/it] 23%|██▎       | 265/1140 [19:31<1:03:00,  4.32s/it] 23%|██▎       | 266/1140 [19:35<1:01:00,  4.19s/it] 23%|██▎       | 267/1140 [19:39<1:02:09,  4.27s/it] 24%|██▎       | 268/1140 [19:44<1:02:33,  4.30s/it] 24%|██▎       | 269/1140 [19:48<1:02:48,  4.33s/it] 24%|██▎       | 270/1140 [19:52<1:02:58,  4.34s/it] 24%|██▍       | 271/1140 [19:57<1:02:54,  4.34s/it] 24%|██▍       | 272/1140 [20:01<1:03:23,  4.38s/it] 24%|██▍       | 273/1140 [20:06<1:03:48,  4.42s/it] 24%|██▍       | 274/1140 [20:10<1:03:20,  4.39s/it] 24%|██▍       | 275/1140 [20:14<1:03:23,  4.40s/it] 24%|██▍       | 276/1140 [20:19<1:03:33,  4.41s/it] 24%|██▍       | 277/1140 [20:23<1:02:52,  4.37s/it] 24%|██▍       | 278/1140 [20:27<1:02:34,  4.36s/it] 24%|██▍       | 279/1140 [20:32<1:02:25,  4.35s/it] 25%|██▍       | 280/1140 [20:36<1:02:13,  4.34s/it] 25%|██▍       | 281/1140 [20:41<1:02:25,  4.36s/it] 25%|██▍       | 282/1140 [20:45<1:02:35,  4.38s/it] 25%|██▍       | 283/1140 [20:49<1:02:15,  4.36s/it] 25%|██▍       | 284/1140 [20:54<1:02:23,  4.37s/it] 25%|██▌       | 285/1140 [20:58<1:02:25,  4.38s/it] 25%|██▌       | 286/1140 [21:02<1:02:23,  4.38s/it] 25%|██▌       | 287/1140 [21:07<1:02:08,  4.37s/it] 25%|██▌       | 288/1140 [21:11<1:02:01,  4.37s/it] 25%|██▌       | 289/1140 [21:16<1:01:48,  4.36s/it] 25%|██▌       | 290/1140 [21:20<1:01:42,  4.36s/it] 26%|██▌       | 291/1140 [21:24<1:01:33,  4.35s/it] 26%|██▌       | 292/1140 [21:29<1:01:32,  4.35s/it] 26%|██▌       | 293/1140 [21:33<1:01:35,  4.36s/it] 26%|██▌       | 294/1140 [21:37<1:01:41,  4.37s/it] 26%|██▌       | 295/1140 [21:42<1:01:10,  4.34s/it] 26%|██▌       | 296/1140 [21:46<1:00:53,  4.33s/it] 26%|██▌       | 297/1140 [21:50<1:01:02,  4.34s/it] 26%|██▌       | 298/1140 [21:55<1:01:00,  4.35s/it] 26%|██▌       | 299/1140 [21:59<1:01:21,  4.38s/it] 26%|██▋       | 300/1140 [22:03<1:01:11,  4.37s/it] 26%|██▋       | 301/1140 [22:08<1:00:54,  4.36s/it] 26%|██▋       | 302/1140 [22:12<1:00:43,  4.35s/it] 27%|██▋       | 303/1140 [22:16<1:00:38,  4.35s/it] 27%|██▋       | 304/1140 [22:20<58:44,  4.22s/it]   27%|██▋       | 305/1140 [22:25<59:21,  4.27s/it] 27%|██▋       | 306/1140 [22:29<59:47,  4.30s/it] 27%|██▋       | 307/1140 [22:34<1:00:03,  4.33s/it] 27%|██▋       | 308/1140 [22:38<1:00:14,  4.34s/it] 27%|██▋       | 309/1140 [22:42<1:00:16,  4.35s/it] 27%|██▋       | 310/1140 [22:47<1:00:16,  4.36s/it] 27%|██▋       | 311/1140 [22:51<1:00:18,  4.37s/it] 27%|██▋       | 312/1140 [22:55<1:00:17,  4.37s/it] 27%|██▋       | 313/1140 [23:00<1:00:37,  4.40s/it] 28%|██▊       | 314/1140 [23:04<1:00:50,  4.42s/it] 28%|██▊       | 315/1140 [23:09<1:00:27,  4.40s/it] 28%|██▊       | 316/1140 [23:13<1:00:20,  4.39s/it] 28%|██▊       | 317/1140 [23:17<1:00:22,  4.40s/it] 28%|██▊       | 318/1140 [23:22<1:00:11,  4.39s/it] 28%|██▊       | 319/1140 [23:26<59:50,  4.37s/it]   28%|██▊       | 320/1140 [23:31<59:52,  4.38s/it] 28%|██▊       | 321/1140 [23:35<59:36,  4.37s/it] 28%|██▊       | 322/1140 [23:39<59:22,  4.36s/it] 28%|██▊       | 323/1140 [23:44<59:26,  4.37s/it] 28%|██▊       | 324/1140 [23:48<59:09,  4.35s/it] 29%|██▊       | 325/1140 [23:52<58:59,  4.34s/it] 29%|██▊       | 326/1140 [23:57<58:41,  4.33s/it] 29%|██▊       | 327/1140 [24:01<58:50,  4.34s/it] 29%|██▉       | 328/1140 [24:05<58:33,  4.33s/it] 29%|██▉       | 329/1140 [24:10<58:29,  4.33s/it] 29%|██▉       | 330/1140 [24:14<58:31,  4.34s/it] 29%|██▉       | 331/1140 [24:18<58:34,  4.34s/it] 29%|██▉       | 332/1140 [24:23<58:40,  4.36s/it] 29%|██▉       | 333/1140 [24:27<58:55,  4.38s/it] 29%|██▉       | 334/1140 [24:32<58:56,  4.39s/it] 29%|██▉       | 335/1140 [24:36<58:53,  4.39s/it] 29%|██▉       | 336/1140 [24:40<58:55,  4.40s/it] 30%|██▉       | 337/1140 [24:45<58:24,  4.36s/it] 30%|██▉       | 338/1140 [24:49<57:59,  4.34s/it] 30%|██▉       | 339/1140 [24:53<57:59,  4.34s/it] 30%|██▉       | 340/1140 [24:58<57:59,  4.35s/it] 30%|██▉       | 341/1140 [25:02<57:46,  4.34s/it] 30%|███       | 342/1140 [25:06<56:31,  4.25s/it] 30%|███       | 343/1140 [25:10<56:40,  4.27s/it] 30%|███       | 344/1140 [25:15<56:42,  4.27s/it] 30%|███       | 345/1140 [25:19<57:04,  4.31s/it] 30%|███       | 346/1140 [25:23<57:03,  4.31s/it] 30%|███       | 347/1140 [25:28<56:58,  4.31s/it] 31%|███       | 348/1140 [25:32<57:21,  4.35s/it] 31%|███       | 349/1140 [25:36<57:12,  4.34s/it] 31%|███       | 350/1140 [25:41<57:07,  4.34s/it] 31%|███       | 351/1140 [25:45<57:03,  4.34s/it] 31%|███       | 352/1140 [25:49<57:11,  4.35s/it] 31%|███       | 353/1140 [25:54<56:58,  4.34s/it] 31%|███       | 354/1140 [25:58<57:05,  4.36s/it] 31%|███       | 355/1140 [26:02<56:54,  4.35s/it] 31%|███       | 356/1140 [26:07<56:53,  4.35s/it] 31%|███▏      | 357/1140 [26:11<56:47,  4.35s/it] 31%|███▏      | 358/1140 [26:15<56:35,  4.34s/it] 31%|███▏      | 359/1140 [26:20<56:20,  4.33s/it] 32%|███▏      | 360/1140 [26:24<56:07,  4.32s/it] 32%|███▏      | 361/1140 [26:28<56:05,  4.32s/it] 32%|███▏      | 362/1140 [26:33<55:56,  4.31s/it] 32%|███▏      | 363/1140 [26:37<55:56,  4.32s/it] 32%|███▏      | 364/1140 [26:41<55:55,  4.32s/it] 32%|███▏      | 365/1140 [26:46<55:56,  4.33s/it] 32%|███▏      | 366/1140 [26:50<55:46,  4.32s/it] 32%|███▏      | 367/1140 [26:54<55:48,  4.33s/it] 32%|███▏      | 368/1140 [26:59<55:44,  4.33s/it] 32%|███▏      | 369/1140 [27:03<55:39,  4.33s/it] 32%|███▏      | 370/1140 [27:07<55:57,  4.36s/it] 33%|███▎      | 371/1140 [27:12<55:46,  4.35s/it] 33%|███▎      | 372/1140 [27:16<55:56,  4.37s/it] 33%|███▎      | 373/1140 [27:21<55:50,  4.37s/it] 33%|███▎      | 374/1140 [27:25<55:53,  4.38s/it] 33%|███▎      | 375/1140 [27:29<55:33,  4.36s/it] 33%|███▎      | 376/1140 [27:34<56:00,  4.40s/it] 33%|███▎      | 377/1140 [27:38<55:58,  4.40s/it] 33%|███▎      | 378/1140 [27:43<55:57,  4.41s/it] 33%|███▎      | 379/1140 [27:47<56:08,  4.43s/it] 33%|███▎      | 380/1140 [27:51<54:10,  4.28s/it] 33%|███▎      | 381/1140 [27:55<54:26,  4.30s/it] 34%|███▎      | 382/1140 [28:00<55:03,  4.36s/it] 34%|███▎      | 383/1140 [28:04<55:12,  4.38s/it] 34%|███▎      | 384/1140 [28:09<55:31,  4.41s/it] 34%|███▍      | 385/1140 [28:13<55:28,  4.41s/it] 34%|███▍      | 386/1140 [28:18<55:20,  4.40s/it] 34%|███▍      | 387/1140 [28:22<55:02,  4.39s/it] 34%|███▍      | 388/1140 [28:26<54:58,  4.39s/it] 34%|███▍      | 389/1140 [28:31<54:56,  4.39s/it] 34%|███▍      | 390/1140 [28:35<55:15,  4.42s/it] 34%|███▍      | 391/1140 [28:40<55:08,  4.42s/it] 34%|███▍      | 392/1140 [28:44<54:52,  4.40s/it] 34%|███▍      | 393/1140 [28:48<54:42,  4.39s/it] 35%|███▍      | 394/1140 [28:53<54:42,  4.40s/it] 35%|███▍      | 395/1140 [28:57<54:34,  4.40s/it] 35%|███▍      | 396/1140 [29:01<54:08,  4.37s/it] 35%|███▍      | 397/1140 [29:06<54:10,  4.37s/it] 35%|███▍      | 398/1140 [29:10<54:08,  4.38s/it] 35%|███▌      | 399/1140 [29:15<54:02,  4.38s/it] 35%|███▌      | 400/1140 [29:19<54:04,  4.38s/it] 35%|███▌      | 401/1140 [29:23<53:55,  4.38s/it] 35%|███▌      | 402/1140 [29:28<53:43,  4.37s/it] 35%|███▌      | 403/1140 [29:32<53:28,  4.35s/it] 35%|███▌      | 404/1140 [29:36<53:44,  4.38s/it] 36%|███▌      | 405/1140 [29:41<53:35,  4.38s/it] 36%|███▌      | 406/1140 [29:45<53:34,  4.38s/it] 36%|███▌      | 407/1140 [29:50<53:30,  4.38s/it] 36%|███▌      | 408/1140 [29:54<53:05,  4.35s/it] 36%|███▌      | 409/1140 [29:58<53:06,  4.36s/it] 36%|███▌      | 410/1140 [30:03<53:05,  4.36s/it] 36%|███▌      | 411/1140 [30:07<53:04,  4.37s/it] 36%|███▌      | 412/1140 [30:11<52:55,  4.36s/it] 36%|███▌      | 413/1140 [30:16<52:31,  4.33s/it] 36%|███▋      | 414/1140 [30:20<52:27,  4.33s/it] 36%|███▋      | 415/1140 [30:24<52:33,  4.35s/it] 36%|███▋      | 416/1140 [30:29<52:25,  4.34s/it] 37%|███▋      | 417/1140 [30:33<52:11,  4.33s/it] 37%|███▋      | 418/1140 [30:37<50:47,  4.22s/it] 37%|███▋      | 419/1140 [30:41<51:13,  4.26s/it] 37%|███▋      | 420/1140 [30:46<51:30,  4.29s/it] 37%|███▋      | 421/1140 [30:50<51:25,  4.29s/it] 37%|███▋      | 422/1140 [30:54<51:42,  4.32s/it] 37%|███▋      | 423/1140 [30:59<51:49,  4.34s/it] 37%|███▋      | 424/1140 [31:03<51:53,  4.35s/it] 37%|███▋      | 425/1140 [31:07<51:55,  4.36s/it] 37%|███▋      | 426/1140 [31:12<51:40,  4.34s/it] 37%|███▋      | 427/1140 [31:16<51:20,  4.32s/it] 38%|███▊      | 428/1140 [31:20<51:09,  4.31s/it] 38%|███▊      | 429/1140 [31:25<51:11,  4.32s/it] 38%|███▊      | 430/1140 [31:29<51:08,  4.32s/it] 38%|███▊      | 431/1140 [31:33<51:18,  4.34s/it] 38%|███▊      | 432/1140 [31:38<51:14,  4.34s/it] 38%|███▊      | 433/1140 [31:42<51:29,  4.37s/it] 38%|███▊      | 434/1140 [31:47<51:45,  4.40s/it] 38%|███▊      | 435/1140 [31:51<51:32,  4.39s/it] 38%|███▊      | 436/1140 [31:55<51:26,  4.38s/it] 38%|███▊      | 437/1140 [32:00<51:35,  4.40s/it] 38%|███▊      | 438/1140 [32:04<51:30,  4.40s/it] 39%|███▊      | 439/1140 [32:09<51:19,  4.39s/it] 39%|███▊      | 440/1140 [32:13<51:08,  4.38s/it] 39%|███▊      | 441/1140 [32:17<51:00,  4.38s/it] 39%|███▉      | 442/1140 [32:22<50:51,  4.37s/it] 39%|███▉      | 443/1140 [32:26<50:59,  4.39s/it] 39%|███▉      | 444/1140 [32:30<50:38,  4.37s/it] 39%|███▉      | 445/1140 [32:35<50:23,  4.35s/it] 39%|███▉      | 446/1140 [32:39<50:34,  4.37s/it] 39%|███▉      | 447/1140 [32:43<50:25,  4.37s/it] 39%|███▉      | 448/1140 [32:48<50:15,  4.36s/it] 39%|███▉      | 449/1140 [32:52<50:15,  4.36s/it] 39%|███▉      | 450/1140 [32:57<49:58,  4.35s/it] 40%|███▉      | 451/1140 [33:01<49:52,  4.34s/it] 40%|███▉      | 452/1140 [33:05<49:50,  4.35s/it] 40%|███▉      | 453/1140 [33:10<49:37,  4.33s/it] 40%|███▉      | 454/1140 [33:14<49:41,  4.35s/it] 40%|███▉      | 455/1140 [33:18<49:39,  4.35s/it] 40%|████      | 456/1140 [33:22<48:13,  4.23s/it] 40%|████      | 457/1140 [33:26<48:18,  4.24s/it] 40%|████      | 458/1140 [33:31<48:45,  4.29s/it] 40%|████      | 459/1140 [33:35<48:52,  4.31s/it] 40%|████      | 460/1140 [33:40<48:47,  4.31s/it] 40%|████      | 461/1140 [33:44<48:48,  4.31s/it] 41%|████      | 462/1140 [33:48<48:30,  4.29s/it] 41%|████      | 463/1140 [33:52<48:33,  4.30s/it] 41%|████      | 464/1140 [33:57<48:41,  4.32s/it] 41%|████      | 465/1140 [34:01<48:24,  4.30s/it] 41%|████      | 466/1140 [34:05<48:37,  4.33s/it] 41%|████      | 467/1140 [34:10<48:31,  4.33s/it] 41%|████      | 468/1140 [34:14<48:28,  4.33s/it] 41%|████      | 469/1140 [34:18<48:18,  4.32s/it] 41%|████      | 470/1140 [34:23<48:35,  4.35s/it] 41%|████▏     | 471/1140 [34:27<48:46,  4.37s/it] 41%|████▏     | 472/1140 [34:32<48:57,  4.40s/it] 41%|████▏     | 473/1140 [34:36<48:37,  4.37s/it] 42%|████▏     | 474/1140 [34:40<48:31,  4.37s/it] 42%|████▏     | 475/1140 [34:45<48:16,  4.36s/it] 42%|████▏     | 476/1140 [34:49<48:25,  4.38s/it] 42%|████▏     | 477/1140 [34:54<48:35,  4.40s/it] 42%|████▏     | 478/1140 [34:58<48:18,  4.38s/it] 42%|████▏     | 479/1140 [35:02<48:19,  4.39s/it] 42%|████▏     | 480/1140 [35:07<47:58,  4.36s/it] 42%|████▏     | 481/1140 [35:11<47:49,  4.35s/it] 42%|████▏     | 482/1140 [35:15<47:23,  4.32s/it] 42%|████▏     | 483/1140 [35:20<47:43,  4.36s/it] 42%|████▏     | 484/1140 [35:24<47:43,  4.36s/it] 43%|████▎     | 485/1140 [35:28<47:51,  4.38s/it] 43%|████▎     | 486/1140 [35:33<47:34,  4.36s/it] 43%|████▎     | 487/1140 [35:37<47:41,  4.38s/it] 43%|████▎     | 488/1140 [35:42<47:45,  4.39s/it] 43%|████▎     | 489/1140 [35:46<47:33,  4.38s/it] 43%|████▎     | 490/1140 [35:50<47:28,  4.38s/it] 43%|████▎     | 491/1140 [35:55<47:15,  4.37s/it] 43%|████▎     | 492/1140 [35:59<47:16,  4.38s/it] 43%|████▎     | 493/1140 [36:03<47:08,  4.37s/it] 43%|████▎     | 494/1140 [36:07<45:41,  4.24s/it] 43%|████▎     | 495/1140 [36:12<45:43,  4.25s/it] 44%|████▎     | 496/1140 [36:16<46:00,  4.29s/it] 44%|████▎     | 497/1140 [36:20<46:04,  4.30s/it] 44%|████▎     | 498/1140 [36:25<46:08,  4.31s/it] 44%|████▍     | 499/1140 [36:29<46:06,  4.32s/it] 44%|████▍     | 500/1140 [36:33<46:04,  4.32s/it]                                                   44%|████▍     | 500/1140 [36:34<46:04,  4.32s/it] 44%|████▍     | 501/1140 [36:38<46:27,  4.36s/it] 44%|████▍     | 502/1140 [36:42<46:25,  4.37s/it] 44%|████▍     | 503/1140 [36:46<46:10,  4.35s/it] 44%|████▍     | 504/1140 [36:51<46:24,  4.38s/it] 44%|████▍     | 505/1140 [36:55<46:22,  4.38s/it] 44%|████▍     | 506/1140 [37:00<46:21,  4.39s/it] 44%|████▍     | 507/1140 [37:04<46:13,  4.38s/it] 45%|████▍     | 508/1140 [37:08<46:08,  4.38s/it] 45%|████▍     | 509/1140 [37:13<45:45,  4.35s/it] 45%|████▍     | 510/1140 [37:17<45:29,  4.33s/it] 45%|████▍     | 511/1140 [37:21<45:32,  4.34s/it] 45%|████▍     | 512/1140 [37:26<45:20,  4.33s/it] 45%|████▌     | 513/1140 [37:30<45:23,  4.34s/it] 45%|████▌     | 514/1140 [37:34<45:20,  4.35s/it] 45%|████▌     | 515/1140 [37:39<45:05,  4.33s/it] 45%|████▌     | 516/1140 [37:43<45:00,  4.33s/it] 45%|████▌     | 517/1140 [37:47<45:03,  4.34s/it] 45%|████▌     | 518/1140 [37:52<45:08,  4.35s/it] 46%|████▌     | 519/1140 [37:56<44:56,  4.34s/it] 46%|████▌     | 520/1140 [38:01<45:04,  4.36s/it] 46%|████▌     | 521/1140 [38:05<45:10,  4.38s/it] 46%|████▌     | 522/1140 [38:09<45:12,  4.39s/it] 46%|████▌     | 523/1140 [38:14<45:26,  4.42s/it] 46%|████▌     | 524/1140 [38:18<45:25,  4.43s/it] 46%|████▌     | 525/1140 [38:23<45:20,  4.42s/it] 46%|████▌     | 526/1140 [38:27<45:09,  4.41s/it] 46%|████▌     | 527/1140 [38:32<45:17,  4.43s/it] 46%|████▋     | 528/1140 [38:36<45:02,  4.42s/it] 46%|████▋     | 529/1140 [38:40<45:09,  4.43s/it] 46%|████▋     | 530/1140 [38:45<44:54,  4.42s/it] 47%|████▋     | 531/1140 [38:49<44:39,  4.40s/it] 47%|████▋     | 532/1140 [38:53<43:23,  4.28s/it] 47%|████▋     | 533/1140 [38:58<43:47,  4.33s/it] 47%|████▋     | 534/1140 [39:02<43:53,  4.35s/it] 47%|████▋     | 535/1140 [39:06<43:55,  4.36s/it] 47%|████▋     | 536/1140 [39:11<43:55,  4.36s/it] 47%|████▋     | 537/1140 [39:15<44:12,  4.40s/it] 47%|████▋     | 538/1140 [39:20<44:22,  4.42s/it] 47%|████▋     | 539/1140 [39:24<44:06,  4.40s/it] 47%|████▋     | 540/1140 [39:28<43:59,  4.40s/it] 47%|████▋     | 541/1140 [39:33<43:50,  4.39s/it] 48%|████▊     | 542/1140 [39:37<43:38,  4.38s/it] 48%|████▊     | 543/1140 [39:42<43:36,  4.38s/it] 48%|████▊     | 544/1140 [39:46<43:32,  4.38s/it] 48%|████▊     | 545/1140 [39:50<43:29,  4.38s/it] 48%|████▊     | 546/1140 [39:55<43:27,  4.39s/it] 48%|████▊     | 547/1140 [39:59<43:37,  4.41s/it] 48%|████▊     | 548/1140 [40:04<43:30,  4.41s/it] 48%|████▊     | 549/1140 [40:08<43:23,  4.41s/it] 48%|████▊     | 550/1140 [40:12<43:15,  4.40s/it] 48%|████▊     | 551/1140 [40:17<43:09,  4.40s/it] 48%|████▊     | 552/1140 [40:21<43:18,  4.42s/it] 49%|████▊     | 553/1140 [40:26<43:22,  4.43s/it] 49%|████▊     | 554/1140 [40:30<42:53,  4.39s/it] 49%|████▊     | 555/1140 [40:34<42:51,  4.40s/it] 49%|████▉     | 556/1140 [40:39<43:03,  4.42s/it] 49%|████▉     | 557/1140 [40:43<42:51,  4.41s/it] 49%|████▉     | 558/1140 [40:48<42:41,  4.40s/it] 49%|████▉     | 559/1140 [40:52<42:33,  4.40s/it] 49%|████▉     | 560/1140 [40:56<42:22,  4.38s/it] 49%|████▉     | 561/1140 [41:01<42:12,  4.37s/it] 49%|████▉     | 562/1140 [41:05<42:01,  4.36s/it] 49%|████▉     | 563/1140 [41:09<41:50,  4.35s/it] 49%|████▉     | 564/1140 [41:14<41:36,  4.33s/it] 50%|████▉     | 565/1140 [41:18<41:49,  4.36s/it] 50%|████▉     | 566/1140 [41:23<41:45,  4.37s/it] 50%|████▉     | 567/1140 [41:27<41:38,  4.36s/it] 50%|████▉     | 568/1140 [41:31<41:53,  4.39s/it] 50%|████▉     | 569/1140 [41:36<42:05,  4.42s/it] 50%|█████     | 570/1140 [41:40<40:34,  4.27s/it] 50%|█████     | 571/1140 [41:44<40:38,  4.28s/it] 50%|█████     | 572/1140 [41:48<40:45,  4.30s/it] 50%|█████     | 573/1140 [41:53<40:59,  4.34s/it] 50%|█████     | 574/1140 [41:57<41:16,  4.38s/it] 50%|█████     | 575/1140 [42:02<41:08,  4.37s/it] 51%|█████     | 576/1140 [42:06<40:57,  4.36s/it] 51%|█████     | 577/1140 [42:10<40:58,  4.37s/it] 51%|█████     | 578/1140 [42:15<40:45,  4.35s/it] 51%|█████     | 579/1140 [42:19<40:29,  4.33s/it] 51%|█████     | 580/1140 [42:23<40:31,  4.34s/it] 51%|█████     | 581/1140 [42:28<40:23,  4.34s/it] 51%|█████     | 582/1140 [42:32<40:11,  4.32s/it] 51%|█████     | 583/1140 [42:36<40:23,  4.35s/it] 51%|█████     | 584/1140 [42:41<40:22,  4.36s/it] 51%|█████▏    | 585/1140 [42:45<40:32,  4.38s/it] 51%|█████▏    | 586/1140 [42:50<40:16,  4.36s/it] 51%|█████▏    | 587/1140 [42:54<40:07,  4.35s/it] 52%|█████▏    | 588/1140 [42:58<39:56,  4.34s/it] 52%|█████▏    | 589/1140 [43:03<39:59,  4.36s/it] 52%|█████▏    | 590/1140 [43:07<39:53,  4.35s/it] 52%|█████▏    | 591/1140 [43:11<39:37,  4.33s/it] 52%|█████▏    | 592/1140 [43:16<39:36,  4.34s/it] 52%|█████▏    | 593/1140 [43:20<39:29,  4.33s/it] 52%|█████▏    | 594/1140 [43:24<39:27,  4.34s/it] 52%|█████▏    | 595/1140 [43:29<39:34,  4.36s/it] 52%|█████▏    | 596/1140 [43:33<39:30,  4.36s/it] 52%|█████▏    | 597/1140 [43:37<39:22,  4.35s/it] 52%|█████▏    | 598/1140 [43:42<39:30,  4.37s/it] 53%|█████▎    | 599/1140 [43:46<39:23,  4.37s/it] 53%|█████▎    | 600/1140 [43:50<39:16,  4.36s/it] 53%|█████▎    | 601/1140 [43:55<39:12,  4.36s/it] 53%|█████▎    | 602/1140 [43:59<39:32,  4.41s/it] 53%|█████▎    | 603/1140 [44:04<39:10,  4.38s/it] 53%|█████▎    | 604/1140 [44:08<38:59,  4.37s/it] 53%|█████▎    | 605/1140 [44:12<38:48,  4.35s/it] 53%|█████▎    | 606/1140 [44:17<38:57,  4.38s/it] 53%|█████▎    | 607/1140 [44:21<38:43,  4.36s/it] 53%|█████▎    | 608/1140 [44:25<37:27,  4.23s/it] 53%|█████▎    | 609/1140 [44:29<37:37,  4.25s/it] 54%|█████▎    | 610/1140 [44:34<38:05,  4.31s/it] 54%|█████▎    | 611/1140 [44:38<38:04,  4.32s/it] 54%|█████▎    | 612/1140 [44:42<37:59,  4.32s/it] 54%|█████▍    | 613/1140 [44:47<37:54,  4.32s/it] 54%|█████▍    | 614/1140 [44:51<37:52,  4.32s/it] 54%|█████▍    | 615/1140 [44:55<37:42,  4.31s/it] 54%|█████▍    | 616/1140 [45:00<37:36,  4.31s/it] 54%|█████▍    | 617/1140 [45:04<37:36,  4.31s/it] 54%|█████▍    | 618/1140 [45:08<37:37,  4.32s/it] 54%|█████▍    | 619/1140 [45:13<37:38,  4.33s/it] 54%|█████▍    | 620/1140 [45:17<37:33,  4.33s/it] 54%|█████▍    | 621/1140 [45:21<37:42,  4.36s/it] 55%|█████▍    | 622/1140 [45:26<37:50,  4.38s/it] 55%|█████▍    | 623/1140 [45:30<37:39,  4.37s/it] 55%|█████▍    | 624/1140 [45:34<37:31,  4.36s/it] 55%|█████▍    | 625/1140 [45:39<37:24,  4.36s/it] 55%|█████▍    | 626/1140 [45:43<37:10,  4.34s/it] 55%|█████▌    | 627/1140 [45:47<36:58,  4.32s/it] 55%|█████▌    | 628/1140 [45:52<37:05,  4.35s/it] 55%|█████▌    | 629/1140 [45:56<36:50,  4.33s/it] 55%|█████▌    | 630/1140 [46:00<36:56,  4.35s/it] 55%|█████▌    | 631/1140 [46:05<36:50,  4.34s/it] 55%|█████▌    | 632/1140 [46:09<36:43,  4.34s/it] 56%|█████▌    | 633/1140 [46:14<36:54,  4.37s/it] 56%|█████▌    | 634/1140 [46:18<36:41,  4.35s/it] 56%|█████▌    | 635/1140 [46:22<36:44,  4.37s/it] 56%|█████▌    | 636/1140 [46:27<36:40,  4.37s/it] 56%|█████▌    | 637/1140 [46:31<36:37,  4.37s/it] 56%|█████▌    | 638/1140 [46:35<36:23,  4.35s/it] 56%|█████▌    | 639/1140 [46:40<36:19,  4.35s/it] 56%|█████▌    | 640/1140 [46:44<36:07,  4.33s/it] 56%|█████▌    | 641/1140 [46:48<36:08,  4.35s/it] 56%|█████▋    | 642/1140 [46:53<36:20,  4.38s/it] 56%|█████▋    | 643/1140 [46:57<36:18,  4.38s/it] 56%|█████▋    | 644/1140 [47:02<36:18,  4.39s/it] 57%|█████▋    | 645/1140 [47:06<36:14,  4.39s/it] 57%|█████▋    | 646/1140 [47:10<35:07,  4.27s/it] 57%|█████▋    | 647/1140 [47:14<35:20,  4.30s/it] 57%|█████▋    | 648/1140 [47:19<35:34,  4.34s/it] 57%|█████▋    | 649/1140 [47:23<35:33,  4.35s/it] 57%|█████▋    | 650/1140 [47:28<35:50,  4.39s/it] 57%|█████▋    | 651/1140 [47:32<36:02,  4.42s/it] 57%|█████▋    | 652/1140 [47:37<36:06,  4.44s/it] 57%|█████▋    | 653/1140 [47:41<35:51,  4.42s/it] 57%|█████▋    | 654/1140 [47:45<35:45,  4.41s/it] 57%|█████▋    | 655/1140 [47:50<35:30,  4.39s/it] 58%|█████▊    | 656/1140 [47:54<35:39,  4.42s/it] 58%|█████▊    | 657/1140 [47:59<35:26,  4.40s/it] 58%|█████▊    | 658/1140 [48:03<35:22,  4.40s/it] 58%|█████▊    | 659/1140 [48:07<35:14,  4.40s/it] 58%|█████▊    | 660/1140 [48:12<35:13,  4.40s/it] 58%|█████▊    | 661/1140 [48:16<35:22,  4.43s/it] 58%|█████▊    | 662/1140 [48:21<35:11,  4.42s/it] 58%|█████▊    | 663/1140 [48:25<35:02,  4.41s/it] 58%|█████▊    | 664/1140 [48:29<34:45,  4.38s/it] 58%|█████▊    | 665/1140 [48:34<34:44,  4.39s/it] 58%|█████▊    | 666/1140 [48:38<34:40,  4.39s/it] 59%|█████▊    | 667/1140 [48:43<34:35,  4.39s/it] 59%|█████▊    | 668/1140 [48:47<34:21,  4.37s/it] 59%|█████▊    | 669/1140 [48:51<34:13,  4.36s/it] 59%|█████▉    | 670/1140 [48:56<34:14,  4.37s/it] 59%|█████▉    | 671/1140 [49:00<34:09,  4.37s/it] 59%|█████▉    | 672/1140 [49:04<33:58,  4.35s/it] 59%|█████▉    | 673/1140 [49:09<33:49,  4.35s/it] 59%|█████▉    | 674/1140 [49:13<33:55,  4.37s/it] 59%|█████▉    | 675/1140 [49:17<33:50,  4.37s/it] 59%|█████▉    | 676/1140 [49:22<33:44,  4.36s/it] 59%|█████▉    | 677/1140 [49:26<33:51,  4.39s/it] 59%|█████▉    | 678/1140 [49:31<33:40,  4.37s/it] 60%|█████▉    | 679/1140 [49:35<33:35,  4.37s/it] 60%|█████▉    | 680/1140 [49:39<33:48,  4.41s/it] 60%|█████▉    | 681/1140 [49:44<33:48,  4.42s/it] 60%|█████▉    | 682/1140 [49:48<33:44,  4.42s/it] 60%|█████▉    | 683/1140 [49:53<33:45,  4.43s/it] 60%|██████    | 684/1140 [49:57<32:50,  4.32s/it] 60%|██████    | 685/1140 [50:01<32:48,  4.33s/it] 60%|██████    | 686/1140 [50:05<32:44,  4.33s/it] 60%|██████    | 687/1140 [50:10<32:58,  4.37s/it] 60%|██████    | 688/1140 [50:14<33:11,  4.41s/it] 60%|██████    | 689/1140 [50:19<33:08,  4.41s/it] 61%|██████    | 690/1140 [50:23<33:01,  4.40s/it] 61%|██████    | 691/1140 [50:28<33:00,  4.41s/it] 61%|██████    | 692/1140 [50:32<32:52,  4.40s/it] 61%|██████    | 693/1140 [50:37<32:54,  4.42s/it] 61%|██████    | 694/1140 [50:41<32:42,  4.40s/it] 61%|██████    | 695/1140 [50:45<32:27,  4.38s/it] 61%|██████    | 696/1140 [50:50<32:28,  4.39s/it] 61%|██████    | 697/1140 [50:54<32:37,  4.42s/it] 61%|██████    | 698/1140 [50:58<32:17,  4.38s/it] 61%|██████▏   | 699/1140 [51:03<32:10,  4.38s/it] 61%|██████▏   | 700/1140 [51:07<31:57,  4.36s/it] 61%|██████▏   | 701/1140 [51:11<31:45,  4.34s/it] 62%|██████▏   | 702/1140 [51:16<31:41,  4.34s/it] 62%|██████▏   | 703/1140 [51:20<31:34,  4.34s/it] 62%|██████▏   | 704/1140 [51:24<31:26,  4.33s/it] 62%|██████▏   | 705/1140 [51:29<31:22,  4.33s/it] 62%|██████▏   | 706/1140 [51:33<31:24,  4.34s/it] 62%|██████▏   | 707/1140 [51:37<31:14,  4.33s/it] 62%|██████▏   | 708/1140 [51:42<31:08,  4.33s/it] 62%|██████▏   | 709/1140 [51:46<31:06,  4.33s/it] 62%|██████▏   | 710/1140 [51:50<31:02,  4.33s/it] 62%|██████▏   | 711/1140 [51:55<30:52,  4.32s/it] 62%|██████▏   | 712/1140 [51:59<31:06,  4.36s/it] 63%|██████▎   | 713/1140 [52:03<30:57,  4.35s/it] 63%|██████▎   | 714/1140 [52:08<30:46,  4.33s/it] 63%|██████▎   | 715/1140 [52:12<30:44,  4.34s/it] 63%|██████▎   | 716/1140 [52:17<30:58,  4.38s/it] 63%|██████▎   | 717/1140 [52:21<30:47,  4.37s/it] 63%|██████▎   | 718/1140 [52:25<30:37,  4.36s/it] 63%|██████▎   | 719/1140 [52:30<30:30,  4.35s/it] 63%|██████▎   | 720/1140 [52:34<30:33,  4.36s/it] 63%|██████▎   | 721/1140 [52:38<30:31,  4.37s/it] 63%|██████▎   | 722/1140 [52:42<29:34,  4.24s/it] 63%|██████▎   | 723/1140 [52:47<29:51,  4.30s/it] 64%|██████▎   | 724/1140 [52:51<29:53,  4.31s/it] 64%|██████▎   | 725/1140 [52:55<29:56,  4.33s/it] 64%|██████▎   | 726/1140 [53:00<29:52,  4.33s/it] 64%|██████▍   | 727/1140 [53:04<29:55,  4.35s/it] 64%|██████▍   | 728/1140 [53:09<29:59,  4.37s/it] 64%|██████▍   | 729/1140 [53:13<30:05,  4.39s/it] 64%|██████▍   | 730/1140 [53:17<29:52,  4.37s/it] 64%|██████▍   | 731/1140 [53:22<29:56,  4.39s/it] 64%|██████▍   | 732/1140 [53:26<30:02,  4.42s/it] 64%|██████▍   | 733/1140 [53:31<29:49,  4.40s/it] 64%|██████▍   | 734/1140 [53:35<29:42,  4.39s/it] 64%|██████▍   | 735/1140 [53:39<29:25,  4.36s/it] 65%|██████▍   | 736/1140 [53:44<29:34,  4.39s/it] 65%|██████▍   | 737/1140 [53:48<29:32,  4.40s/it] 65%|██████▍   | 738/1140 [53:52<29:22,  4.38s/it] 65%|██████▍   | 739/1140 [53:57<29:14,  4.38s/it] 65%|██████▍   | 740/1140 [54:01<29:10,  4.38s/it] 65%|██████▌   | 741/1140 [54:05<28:53,  4.34s/it] 65%|██████▌   | 742/1140 [54:10<28:52,  4.35s/it] 65%|██████▌   | 743/1140 [54:14<28:53,  4.37s/it] 65%|██████▌   | 744/1140 [54:19<28:51,  4.37s/it]